{"asctime": "2024-10-05 23:50:30,555", "levelname": "INFO", "message": "initializing emotion system", "name": "c:\\Users\\Divyansh\\Desktop\\jarvis 69\\jarvis 4\\util\\func\\emotion.py", "funcName": "__init__", "action": "init", "sqDict[emotion]": null, "coutOfEmotion": 18}
{"asctime": "2024-10-05 23:50:30,566", "levelname": "INFO", "message": "return list of emotion in current system tray", "name": "c:\\Users\\Divyansh\\Desktop\\jarvis 69\\jarvis 4\\util\\func\\emotion.py", "funcName": "getEmotions", "action": "getEmotions", "sqDict[emotion]": []}
{"asctime": "2024-10-05 23:50:30,577", "levelname": "INFO", "message": "return list of emotion in current system tray", "name": "c:\\Users\\Divyansh\\Desktop\\jarvis 69\\jarvis 4\\util\\func\\emotion.py", "funcName": "getEmotions", "action": "getEmotions", "sqDict[emotion]": []}
{"asctime": "2024-10-05 23:50:30,770", "levelname": "INFO", "message": "return list of emotion in current system tray", "name": "c:\\Users\\Divyansh\\Desktop\\jarvis 69\\jarvis 4\\util\\func\\emotion.py", "funcName": "getEmotions", "action": "getEmotions", "sqDict[emotion]": []}
{"asctime": "2024-10-05 23:50:30,781", "levelname": "INFO", "message": "return list of emotion in current system tray", "name": "c:\\Users\\Divyansh\\Desktop\\jarvis 69\\jarvis 4\\util\\func\\emotion.py", "funcName": "getEmotions", "action": "getEmotions", "sqDict[emotion]": []}
{"asctime": "2024-10-05 23:51:52,557", "levelname": "INFO", "message": "initializing emotion system", "name": "c:\\Users\\Divyansh\\Desktop\\jarvis 69\\jarvis 4\\util\\func\\emotion.py", "funcName": "__init__", "action": "init", "sqDict[emotion]": [], "coutOfEmotion": 18}
{"asctime": "2024-10-05 23:51:52,568", "levelname": "INFO", "message": "return list of emotion in current system tray", "name": "c:\\Users\\Divyansh\\Desktop\\jarvis 69\\jarvis 4\\util\\func\\emotion.py", "funcName": "getEmotions", "action": "getEmotions", "sqDict[emotion]": []}
{"asctime": "2024-10-05 23:51:52,584", "levelname": "INFO", "message": "return list of emotion in current system tray", "name": "c:\\Users\\Divyansh\\Desktop\\jarvis 69\\jarvis 4\\util\\func\\emotion.py", "funcName": "getEmotions", "action": "getEmotions", "sqDict[emotion]": []}
{"asctime": "2024-10-05 23:51:52,607", "levelname": "INFO", "message": "return list of emotion in current system tray", "name": "c:\\Users\\Divyansh\\Desktop\\jarvis 69\\jarvis 4\\util\\func\\emotion.py", "funcName": "getEmotions", "action": "getEmotions", "sqDict[emotion]": [["Ellipsis"]]}
{"asctime": "2024-10-05 23:51:52,612", "levelname": "INFO", "message": "return list of emotion in current system tray", "name": "c:\\Users\\Divyansh\\Desktop\\jarvis 69\\jarvis 4\\util\\func\\emotion.py", "funcName": "getEmotions", "action": "getEmotions", "sqDict[emotion]": [["Ellipsis"]]}
{"asctime": "2024-10-05 23:53:44,955", "levelname": "INFO", "message": "initializing emotion system", "name": "c:\\Users\\Divyansh\\Desktop\\jarvis 69\\jarvis 4\\util\\func\\emotion.py", "funcName": "__init__", "action": "init", "sqDict[emotion]": [["Ellipsis"]], "countOfEmotion": 18}
{"asctime": "2024-10-05 23:53:44,961", "levelname": "INFO", "message": "return list of emotion in current system tray", "name": "c:\\Users\\Divyansh\\Desktop\\jarvis 69\\jarvis 4\\util\\func\\emotion.py", "funcName": "getEmotions", "action": "getEmotions", "sqDict[emotion]": [["Ellipsis"]]}
{"asctime": "2024-10-05 23:53:44,984", "levelname": "INFO", "message": "return list of emotion in current system tray", "name": "c:\\Users\\Divyansh\\Desktop\\jarvis 69\\jarvis 4\\util\\func\\emotion.py", "funcName": "getEmotions", "action": "getEmotions", "sqDict[emotion]": [["Ellipsis"]]}
{"asctime": "2024-10-05 23:53:44,991", "levelname": "INFO", "message": "add emotion to current system tray", "name": "c:\\Users\\Divyansh\\Desktop\\jarvis 69\\jarvis 4\\util\\func\\emotion.py", "funcName": "addEmotion", "action": "addEmotion", "emotion": [["Ellipsis"], "Excitement"]}
{"asctime": "2024-10-05 23:53:44,999", "levelname": "INFO", "message": "return list of emotion in current system tray", "name": "c:\\Users\\Divyansh\\Desktop\\jarvis 69\\jarvis 4\\util\\func\\emotion.py", "funcName": "getEmotions", "action": "getEmotions", "sqDict[emotion]": [["Ellipsis"], "Excitement"]}
{"asctime": "2024-10-05 23:53:45,003", "levelname": "INFO", "message": "return list of emotion in current system tray", "name": "c:\\Users\\Divyansh\\Desktop\\jarvis 69\\jarvis 4\\util\\func\\emotion.py", "funcName": "getEmotions", "action": "getEmotions", "sqDict[emotion]": [["Ellipsis"], "Excitement"]}
{"asctime": "2024-10-05 23:54:54,687", "levelname": "INFO", "message": "initializing emotion system", "name": "c:\\Users\\Divyansh\\Desktop\\jarvis 69\\jarvis 4\\util\\func\\emotion.py", "funcName": "__init__", "action": "init", "sqDict[emotion]": [["Ellipsis"], "Excitement"], "countOfEmotion": 18}
{"asctime": "2024-10-05 23:54:54,693", "levelname": "INFO", "message": "return list of emotion in current system tray", "name": "c:\\Users\\Divyansh\\Desktop\\jarvis 69\\jarvis 4\\util\\func\\emotion.py", "funcName": "getEmotions", "action": "getEmotions", "sqDict[emotion]": [["Ellipsis"], "Excitement"]}
{"asctime": "2024-10-05 23:54:54,700", "levelname": "INFO", "message": "return list of emotion in current system tray", "name": "c:\\Users\\Divyansh\\Desktop\\jarvis 69\\jarvis 4\\util\\func\\emotion.py", "funcName": "getEmotions", "action": "getEmotions", "sqDict[emotion]": [["Ellipsis"], "Excitement"]}
{"asctime": "2024-10-05 23:54:54,702", "levelname": "INFO", "message": "return list of emotion in current system tray", "name": "c:\\Users\\Divyansh\\Desktop\\jarvis 69\\jarvis 4\\util\\func\\emotion.py", "funcName": "getEmotions", "action": "getEmotions", "sqDict[emotion]": [["Ellipsis"], "Excitement"]}
{"asctime": "2024-10-05 23:54:54,706", "levelname": "INFO", "message": "return list of emotion in current system tray", "name": "c:\\Users\\Divyansh\\Desktop\\jarvis 69\\jarvis 4\\util\\func\\emotion.py", "funcName": "getEmotions", "action": "getEmotions", "sqDict[emotion]": [["Ellipsis"], "Excitement"]}
{"asctime": "2024-10-05 23:55:23,316", "levelname": "INFO", "message": "initializing emotion system", "name": "c:\\Users\\Divyansh\\Desktop\\jarvis 69\\jarvis 4\\util\\func\\emotion.py", "funcName": "__init__", "action": "init", "sqDict[emotion]": [["Ellipsis"], "Excitement"], "countOfEmotion": 18}
{"asctime": "2024-10-05 23:55:23,322", "levelname": "INFO", "message": "return list of emotion in current system tray", "name": "c:\\Users\\Divyansh\\Desktop\\jarvis 69\\jarvis 4\\util\\func\\emotion.py", "funcName": "getEmotions", "action": "getEmotions", "sqDict[emotion]": [["Ellipsis"], "Excitement"]}
{"asctime": "2024-10-05 23:55:23,330", "levelname": "INFO", "message": "return list of emotion in current system tray", "name": "c:\\Users\\Divyansh\\Desktop\\jarvis 69\\jarvis 4\\util\\func\\emotion.py", "funcName": "getEmotions", "action": "getEmotions", "sqDict[emotion]": [["Ellipsis"], "Excitement"]}
{"asctime": "2024-10-05 23:55:23,334", "levelname": "INFO", "message": "return list of emotion in current system tray", "name": "c:\\Users\\Divyansh\\Desktop\\jarvis 69\\jarvis 4\\util\\func\\emotion.py", "funcName": "getEmotions", "action": "getEmotions", "sqDict[emotion]": [["Ellipsis"], "Excitement"]}
{"asctime": "2024-10-05 23:55:23,337", "levelname": "INFO", "message": "return list of emotion in current system tray", "name": "c:\\Users\\Divyansh\\Desktop\\jarvis 69\\jarvis 4\\util\\func\\emotion.py", "funcName": "getEmotions", "action": "getEmotions", "sqDict[emotion]": [["Ellipsis"], "Excitement"]}
{"asctime": "2024-10-05 23:55:40,343", "levelname": "INFO", "message": "initializing emotion system", "name": "c:\\Users\\Divyansh\\Desktop\\jarvis 69\\jarvis 4\\util\\func\\emotion.py", "funcName": "__init__", "action": "init", "sqDict[emotion]": [["Ellipsis"], "Excitement"], "countOfEmotion": 18}
{"asctime": "2024-10-05 23:55:40,349", "levelname": "INFO", "message": "return list of emotion in current system tray", "name": "c:\\Users\\Divyansh\\Desktop\\jarvis 69\\jarvis 4\\util\\func\\emotion.py", "funcName": "getEmotions", "action": "getEmotions", "sqDict[emotion]": [["Ellipsis"], "Excitement"]}
{"asctime": "2024-10-05 23:55:40,356", "levelname": "INFO", "message": "return list of emotion in current system tray", "name": "c:\\Users\\Divyansh\\Desktop\\jarvis 69\\jarvis 4\\util\\func\\emotion.py", "funcName": "getEmotions", "action": "getEmotions", "sqDict[emotion]": [["Ellipsis"], "Excitement"]}
{"asctime": "2024-10-05 23:55:40,359", "levelname": "INFO", "message": "return list of emotion in current system tray", "name": "c:\\Users\\Divyansh\\Desktop\\jarvis 69\\jarvis 4\\util\\func\\emotion.py", "funcName": "getEmotions", "action": "getEmotions", "sqDict[emotion]": [["Ellipsis"], "Excitement"]}
{"asctime": "2024-10-05 23:55:40,363", "levelname": "INFO", "message": "return list of emotion in current system tray", "name": "c:\\Users\\Divyansh\\Desktop\\jarvis 69\\jarvis 4\\util\\func\\emotion.py", "funcName": "getEmotions", "action": "getEmotions", "sqDict[emotion]": [["Ellipsis"], "Excitement"]}
{"asctime": "2024-10-05 23:56:28,353", "levelname": "INFO", "message": "initializing emotion system", "name": "c:\\Users\\Divyansh\\Desktop\\jarvis 69\\jarvis 4\\util\\func\\emotion.py", "funcName": "__init__", "action": "init", "sqDict[emotion]": [["Ellipsis"], "Excitement"], "countOfEmotion": 18}
{"asctime": "2024-10-05 23:56:28,359", "levelname": "INFO", "message": "return list of emotion in current system tray", "name": "c:\\Users\\Divyansh\\Desktop\\jarvis 69\\jarvis 4\\util\\func\\emotion.py", "funcName": "getEmotions", "action": "getEmotions", "sqDict[emotion]": [["Ellipsis"], "Excitement"]}
{"asctime": "2024-10-05 23:56:28,363", "levelname": "INFO", "message": "return list of emotion in current system tray", "name": "c:\\Users\\Divyansh\\Desktop\\jarvis 69\\jarvis 4\\util\\func\\emotion.py", "funcName": "getEmotions", "action": "getEmotions", "sqDict[emotion]": [["Ellipsis"], "Excitement"]}
{"asctime": "2024-10-05 23:56:28,366", "levelname": "INFO", "message": "return list of emotion in current system tray", "name": "c:\\Users\\Divyansh\\Desktop\\jarvis 69\\jarvis 4\\util\\func\\emotion.py", "funcName": "getEmotions", "action": "getEmotions", "sqDict[emotion]": [["Ellipsis"], "Excitement"]}
{"asctime": "2024-10-05 23:56:28,371", "levelname": "INFO", "message": "return list of emotion in current system tray", "name": "c:\\Users\\Divyansh\\Desktop\\jarvis 69\\jarvis 4\\util\\func\\emotion.py", "funcName": "getEmotions", "action": "getEmotions", "sqDict[emotion]": [["Ellipsis"], "Excitement"]}
{"asctime": "2024-10-05 23:56:36,748", "levelname": "INFO", "message": "initializing emotion system", "name": "c:\\Users\\Divyansh\\Desktop\\jarvis 69\\jarvis 4\\util\\func\\emotion.py", "funcName": "__init__", "action": "init", "sqDict[emotion]": [["Ellipsis"], "Excitement"], "countOfEmotion": 18}
{"asctime": "2024-10-05 23:56:36,754", "levelname": "INFO", "message": "return list of emotion in current system tray", "name": "c:\\Users\\Divyansh\\Desktop\\jarvis 69\\jarvis 4\\util\\func\\emotion.py", "funcName": "getEmotions", "action": "getEmotions", "sqDict[emotion]": [["Ellipsis"], "Excitement"]}
{"asctime": "2024-10-05 23:56:36,761", "levelname": "INFO", "message": "return list of emotion in current system tray", "name": "c:\\Users\\Divyansh\\Desktop\\jarvis 69\\jarvis 4\\util\\func\\emotion.py", "funcName": "getEmotions", "action": "getEmotions", "sqDict[emotion]": [["Ellipsis"], "Excitement"]}
{"asctime": "2024-10-05 23:56:36,765", "levelname": "INFO", "message": "return list of emotion in current system tray", "name": "c:\\Users\\Divyansh\\Desktop\\jarvis 69\\jarvis 4\\util\\func\\emotion.py", "funcName": "getEmotions", "action": "getEmotions", "sqDict[emotion]": [["Ellipsis"], "Excitement"]}
{"asctime": "2024-10-05 23:56:36,774", "levelname": "INFO", "message": "return list of emotion in current system tray", "name": "c:\\Users\\Divyansh\\Desktop\\jarvis 69\\jarvis 4\\util\\func\\emotion.py", "funcName": "getEmotions", "action": "getEmotions", "sqDict[emotion]": [["Ellipsis"], "Excitement"]}
{"asctime": "2024-10-05 23:56:51,607", "levelname": "INFO", "message": "initializing emotion system", "name": "c:\\Users\\Divyansh\\Desktop\\jarvis 69\\jarvis 4\\util\\func\\emotion.py", "funcName": "__init__", "action": "init", "sqDict[emotion]": null, "countOfEmotion": 18}
{"asctime": "2024-10-05 23:56:51,634", "levelname": "INFO", "message": "return list of emotion in current system tray", "name": "c:\\Users\\Divyansh\\Desktop\\jarvis 69\\jarvis 4\\util\\func\\emotion.py", "funcName": "getEmotions", "action": "getEmotions", "sqDict[emotion]": []}
{"asctime": "2024-10-05 23:56:51,660", "levelname": "INFO", "message": "return list of emotion in current system tray", "name": "c:\\Users\\Divyansh\\Desktop\\jarvis 69\\jarvis 4\\util\\func\\emotion.py", "funcName": "getEmotions", "action": "getEmotions", "sqDict[emotion]": []}
{"asctime": "2024-10-05 23:56:51,679", "levelname": "INFO", "message": "add emotion to current system tray", "name": "c:\\Users\\Divyansh\\Desktop\\jarvis 69\\jarvis 4\\util\\func\\emotion.py", "funcName": "addEmotion", "action": "addEmotion", "emotion": ["Excitement"]}
{"asctime": "2024-10-05 23:56:51,683", "levelname": "INFO", "message": "return list of emotion in current system tray", "name": "c:\\Users\\Divyansh\\Desktop\\jarvis 69\\jarvis 4\\util\\func\\emotion.py", "funcName": "getEmotions", "action": "getEmotions", "sqDict[emotion]": ["Excitement"]}
{"asctime": "2024-10-05 23:56:51,688", "levelname": "INFO", "message": "return list of emotion in current system tray", "name": "c:\\Users\\Divyansh\\Desktop\\jarvis 69\\jarvis 4\\util\\func\\emotion.py", "funcName": "getEmotions", "action": "getEmotions", "sqDict[emotion]": ["Excitement"]}
{"asctime": "2024-10-06 00:00:08,063", "levelname": "INFO", "message": "initializing emotion system", "name": "c:\\Users\\Divyansh\\Desktop\\jarvis 69\\jarvis 4\\util\\func\\emotion.py", "funcName": "__init__", "action": "init", "sqDict[emotion]": ["Excitement"], "countOfEmotion": 18}
{"asctime": "2024-10-06 00:00:08,070", "levelname": "INFO", "message": "return list of emotion in current system tray", "name": "c:\\Users\\Divyansh\\Desktop\\jarvis 69\\jarvis 4\\util\\func\\emotion.py", "funcName": "getEmotions", "action": "getEmotions", "sqDict[emotion]": ["Excitement"]}
{"asctime": "2024-10-06 00:00:08,076", "levelname": "INFO", "message": "return list of emotion in current system tray", "name": "c:\\Users\\Divyansh\\Desktop\\jarvis 69\\jarvis 4\\util\\func\\emotion.py", "funcName": "getEmotions", "action": "getEmotions", "sqDict[emotion]": ["Excitement"]}
{"asctime": "2024-10-06 00:00:08,080", "levelname": "INFO", "message": "return list of emotion in current system tray", "name": "c:\\Users\\Divyansh\\Desktop\\jarvis 69\\jarvis 4\\util\\func\\emotion.py", "funcName": "getEmotions", "action": "getEmotions", "sqDict[emotion]": ["Excitement"]}
{"asctime": "2024-10-06 00:01:30,503", "levelname": "INFO", "message": "initializing emotion system", "name": "c:\\Users\\Divyansh\\Desktop\\jarvis 69\\jarvis 4\\util\\func\\emotion.py", "funcName": "__init__", "action": "init", "sqDict[emotion]": ["Excitement"], "countOfEmotion": 18}
{"asctime": "2024-10-06 00:01:30,508", "levelname": "INFO", "message": "return list of emotion in current system tray", "name": "c:\\Users\\Divyansh\\Desktop\\jarvis 69\\jarvis 4\\util\\func\\emotion.py", "funcName": "getEmotions", "action": "getEmotions", "sqDict[emotion]": ["Excitement"]}
{"asctime": "2024-10-06 00:01:30,514", "levelname": "ERROR", "message": "emotion already exists in system tray: Excitement", "name": "c:\\Users\\Divyansh\\Desktop\\jarvis 69\\jarvis 4\\util\\func\\emotion.py", "funcName": "addEmotion"}
{"asctime": "2024-10-06 00:01:30,517", "levelname": "INFO", "message": "return list of emotion in current system tray", "name": "c:\\Users\\Divyansh\\Desktop\\jarvis 69\\jarvis 4\\util\\func\\emotion.py", "funcName": "getEmotions", "action": "getEmotions", "sqDict[emotion]": ["Excitement"]}
{"asctime": "2024-10-06 00:01:59,715", "levelname": "INFO", "message": "initializing emotion system", "name": "c:\\Users\\Divyansh\\Desktop\\jarvis 69\\jarvis 4\\util\\func\\emotion.py", "funcName": "__init__", "action": "init", "sqDict[emotion]": ["Excitement"], "countOfEmotion": 18}
{"asctime": "2024-10-06 00:01:59,722", "levelname": "INFO", "message": "return list of emotion in current system tray", "name": "c:\\Users\\Divyansh\\Desktop\\jarvis 69\\jarvis 4\\util\\func\\emotion.py", "funcName": "getEmotions", "action": "getEmotions", "sqDict[emotion]": ["Excitement"]}
{"asctime": "2024-10-06 00:01:59,727", "levelname": "WARNING", "message": "emotion already exists in system tray: Excitement", "name": "c:\\Users\\Divyansh\\Desktop\\jarvis 69\\jarvis 4\\util\\func\\emotion.py", "funcName": "addEmotion"}
{"asctime": "2024-10-06 00:01:59,730", "levelname": "INFO", "message": "return list of emotion in current system tray", "name": "c:\\Users\\Divyansh\\Desktop\\jarvis 69\\jarvis 4\\util\\func\\emotion.py", "funcName": "getEmotions", "action": "getEmotions", "sqDict[emotion]": ["Excitement"]}
{"asctime": "2024-10-06 00:04:26,091", "levelname": "INFO", "message": "initializing emotion system", "name": "c:\\Users\\Divyansh\\Desktop\\jarvis 69\\jarvis 4\\util\\func\\emotion.py", "funcName": "__init__", "action": "init", "sqDict[emotion]": ["Excitement"], "countOfEmotion": 18}
{"asctime": "2024-10-06 00:04:26,097", "levelname": "INFO", "message": "return list of emotion in current system tray", "name": "c:\\Users\\Divyansh\\Desktop\\jarvis 69\\jarvis 4\\util\\func\\emotion.py", "funcName": "getEmotions", "action": "getEmotions", "sqDict[emotion]": ["Excitement"]}
{"asctime": "2024-10-06 00:04:26,102", "levelname": "WARNING", "message": "emotion already exists in system tray: Excitement", "name": "c:\\Users\\Divyansh\\Desktop\\jarvis 69\\jarvis 4\\util\\func\\emotion.py", "funcName": "addEmotion"}
{"asctime": "2024-10-06 00:04:26,105", "levelname": "INFO", "message": "return list of emotion in current system tray", "name": "c:\\Users\\Divyansh\\Desktop\\jarvis 69\\jarvis 4\\util\\func\\emotion.py", "funcName": "getEmotions", "action": "getEmotions", "sqDict[emotion]": ["Excitement"]}
{"asctime": "2024-10-06 00:04:31,664", "levelname": "INFO", "message": "initializing emotion system", "name": "c:\\Users\\Divyansh\\Desktop\\jarvis 69\\jarvis 4\\util\\func\\emotion.py", "funcName": "__init__", "action": "init", "sqDict[emotion]": ["Excitement"], "countOfEmotion": 18}
{"asctime": "2024-10-06 00:04:31,670", "levelname": "INFO", "message": "return list of emotion in current system tray", "name": "c:\\Users\\Divyansh\\Desktop\\jarvis 69\\jarvis 4\\util\\func\\emotion.py", "funcName": "getEmotions", "action": "getEmotions", "sqDict[emotion]": ["Excitement"]}
{"asctime": "2024-10-06 00:04:31,674", "levelname": "WARNING", "message": "add emotion to current system tray", "name": "c:\\Users\\Divyansh\\Desktop\\jarvis 69\\jarvis 4\\util\\func\\emotion.py", "funcName": "addEmotion", "action": "addEmotion", "error": "emotion not Exist in config", "new_emotion": "Excitementt", "listOfEmotion": ["Happiness", "Sadness", "Anger", "Fear", "Disgust", "Surprise", "Love", "Jealousy", "Guilt", "Pride", "Embarrassment", "Compassion", "Gratitude", "Trust", "Loneliness", "Excitement", "Fatigue", "Calmness"]}
{"asctime": "2024-10-06 00:04:31,679", "levelname": "INFO", "message": "return list of emotion in current system tray", "name": "c:\\Users\\Divyansh\\Desktop\\jarvis 69\\jarvis 4\\util\\func\\emotion.py", "funcName": "getEmotions", "action": "getEmotions", "sqDict[emotion]": ["Excitement"]}
{"asctime": "2024-10-06 00:05:04,967", "levelname": "INFO", "message": "initializing emotion system", "name": "c:\\Users\\Divyansh\\Desktop\\jarvis 69\\jarvis 4\\util\\func\\emotion.py", "funcName": "__init__", "action": "init", "sqDict[emotion]": ["Excitement"], "countOfEmotion": 18}
{"asctime": "2024-10-06 00:05:04,973", "levelname": "INFO", "message": "return list of emotion in current system tray", "name": "c:\\Users\\Divyansh\\Desktop\\jarvis 69\\jarvis 4\\util\\func\\emotion.py", "funcName": "getEmotions", "action": "getEmotions", "sqDict[emotion]": ["Excitement"]}
{"asctime": "2024-10-06 00:05:04,979", "levelname": "ERROR", "message": "add emotion to current system tray", "name": "c:\\Users\\Divyansh\\Desktop\\jarvis 69\\jarvis 4\\util\\func\\emotion.py", "funcName": "addEmotion", "action": "addEmotion", "error": "emotion not Exist in config", "new_emotion": "Excitementt", "listOfEmotion": ["Happiness", "Sadness", "Anger", "Fear", "Disgust", "Surprise", "Love", "Jealousy", "Guilt", "Pride", "Embarrassment", "Compassion", "Gratitude", "Trust", "Loneliness", "Excitement", "Fatigue", "Calmness"]}
{"asctime": "2024-10-06 00:05:04,984", "levelname": "INFO", "message": "return list of emotion in current system tray", "name": "c:\\Users\\Divyansh\\Desktop\\jarvis 69\\jarvis 4\\util\\func\\emotion.py", "funcName": "getEmotions", "action": "getEmotions", "sqDict[emotion]": ["Excitement"]}
{"asctime": "2024-10-06 03:40:31,483", "levelname": "INFO", "message": "initializing emotion system", "name": "c:\\Users\\Divyansh\\Desktop\\jarvis 69\\jarvis 4\\util\\func\\emotion.py", "funcName": "__init__", "action": "init", "sqDict[emotion]": ["Excitement"], "countOfEmotion": 18}
{"asctime": "2024-10-06 03:40:31,491", "levelname": "INFO", "message": "return list of emotion in current system tray", "name": "c:\\Users\\Divyansh\\Desktop\\jarvis 69\\jarvis 4\\util\\func\\emotion.py", "funcName": "getEmotions", "action": "getEmotions", "sqDict[emotion]": ["Excitement"]}
{"asctime": "2024-10-06 03:40:31,496", "levelname": "ERROR", "message": "add emotion to current system tray", "name": "c:\\Users\\Divyansh\\Desktop\\jarvis 69\\jarvis 4\\util\\func\\emotion.py", "funcName": "addEmotion", "action": "addEmotion", "error": "emotion not Exist in config", "new_emotion": "Excitementt", "listOfEmotion": ["Happiness", "Sadness", "Anger", "Fear", "Disgust", "Surprise", "Love", "Jealousy", "Guilt", "Pride", "Embarrassment", "Compassion", "Gratitude", "Trust", "Loneliness", "Excitement", "Fatigue", "Calmness"]}
{"asctime": "2024-10-06 03:40:31,501", "levelname": "INFO", "message": "return list of emotion in current system tray", "name": "c:\\Users\\Divyansh\\Desktop\\jarvis 69\\jarvis 4\\util\\func\\emotion.py", "funcName": "getEmotions", "action": "getEmotions", "sqDict[emotion]": ["Excitement"]}
{"asctime": "2024-10-06 04:00:28,444", "levelname": "INFO", "message": "initializing emotion system", "name": "C:\\Users\\Divyansh\\Desktop\\jarvis 69\\jarvis 4\\util\\func\\emotion.py", "funcName": "__init__", "action": "init", "sqDict[emotion]": ["Excitement"], "countOfEmotion": 18}
{"asctime": "2024-10-06 04:00:28,446", "levelname": "INFO", "message": "return list of emotion in current system tray", "name": "C:\\Users\\Divyansh\\Desktop\\jarvis 69\\jarvis 4\\util\\func\\emotion.py", "funcName": "getEmotions", "action": "getEmotions", "sqDict[emotion]": ["Excitement"]}
{"asctime": "2024-10-06 04:00:40,045", "levelname": "INFO", "message": "initializing emotion system", "name": "C:\\Users\\Divyansh\\Desktop\\jarvis 69\\jarvis 4\\util\\func\\emotion.py", "funcName": "__init__", "action": "init", "sqDict[emotion]": ["Excitement"], "countOfEmotion": 18}
{"asctime": "2024-10-06 04:00:40,047", "levelname": "INFO", "message": "return list of emotion in current system tray", "name": "C:\\Users\\Divyansh\\Desktop\\jarvis 69\\jarvis 4\\util\\func\\emotion.py", "funcName": "getEmotions", "action": "getEmotions", "sqDict[emotion]": ["Excitement"]}
{"asctime": "2024-10-06 04:01:30,974", "levelname": "INFO", "message": "initializing emotion system", "name": "C:\\Users\\Divyansh\\Desktop\\jarvis 69\\jarvis 4\\util\\func\\emotion.py", "funcName": "__init__", "action": "init", "sqDict[emotion]": ["Excitement"], "countOfEmotion": 18}
{"asctime": "2024-10-06 04:01:30,976", "levelname": "INFO", "message": "return list of emotion in current system tray", "name": "C:\\Users\\Divyansh\\Desktop\\jarvis 69\\jarvis 4\\util\\func\\emotion.py", "funcName": "getEmotions", "action": "getEmotions", "sqDict[emotion]": ["Excitement"]}
{"asctime": "2024-10-06 04:02:39,561", "levelname": "INFO", "message": "initializing emotion system", "name": "C:\\Users\\Divyansh\\Desktop\\jarvis 69\\jarvis 4\\util\\func\\emotion.py", "funcName": "__init__", "action": "init", "sqDict[emotion]": ["Excitement"], "countOfEmotion": 18}
{"asctime": "2024-10-06 04:02:39,564", "levelname": "INFO", "message": "return list of emotion in current system tray", "name": "C:\\Users\\Divyansh\\Desktop\\jarvis 69\\jarvis 4\\util\\func\\emotion.py", "funcName": "getEmotions", "action": "getEmotions", "sqDict[emotion]": ["Excitement"]}
{"asctime": "2024-10-06 04:04:03,586", "levelname": "INFO", "message": "initializing emotion system", "name": "C:\\Users\\Divyansh\\Desktop\\jarvis 69\\jarvis 4\\util\\func\\emotion.py", "funcName": "__init__", "action": "init", "sqDict[emotion]": ["Excitement"], "countOfEmotion": 18}
{"asctime": "2024-10-06 04:04:03,589", "levelname": "INFO", "message": "return list of emotion in current system tray", "name": "C:\\Users\\Divyansh\\Desktop\\jarvis 69\\jarvis 4\\util\\func\\emotion.py", "funcName": "getEmotions", "action": "getEmotions", "sqDict[emotion]": ["Excitement"]}
{"asctime": "2024-10-06 04:04:21,037", "levelname": "INFO", "message": "initializing emotion system", "name": "C:\\Users\\Divyansh\\Desktop\\jarvis 69\\jarvis 4\\util\\func\\emotion.py", "funcName": "__init__", "action": "init", "sqDict[emotion]": ["Excitement"], "countOfEmotion": 18}
{"asctime": "2024-10-06 04:04:21,040", "levelname": "INFO", "message": "return list of emotion in current system tray", "name": "C:\\Users\\Divyansh\\Desktop\\jarvis 69\\jarvis 4\\util\\func\\emotion.py", "funcName": "getEmotions", "action": "getEmotions", "sqDict[emotion]": ["Excitement"]}
{"asctime": "2024-10-06 04:05:28,858", "levelname": "INFO", "message": "initializing emotion system", "name": "C:\\Users\\Divyansh\\Desktop\\jarvis 69\\jarvis 4\\util\\func\\emotion.py", "funcName": "__init__", "action": "init", "sqDict[emotion]": ["Excitement"], "countOfEmotion": 18}
{"asctime": "2024-10-06 04:05:28,860", "levelname": "INFO", "message": "return list of emotion in current system tray", "name": "C:\\Users\\Divyansh\\Desktop\\jarvis 69\\jarvis 4\\util\\func\\emotion.py", "funcName": "getEmotions", "action": "getEmotions", "sqDict[emotion]": ["Excitement"]}
{"asctime": "2024-10-06 04:05:56,727", "levelname": "INFO", "message": "initializing emotion system", "name": "C:\\Users\\Divyansh\\Desktop\\jarvis 69\\jarvis 4\\util\\func\\emotion.py", "funcName": "__init__", "action": "init", "sqDict[emotion]": ["Excitement"], "countOfEmotion": 18}
{"asctime": "2024-10-06 04:05:56,729", "levelname": "INFO", "message": "return list of emotion in current system tray", "name": "C:\\Users\\Divyansh\\Desktop\\jarvis 69\\jarvis 4\\util\\func\\emotion.py", "funcName": "getEmotions", "action": "getEmotions", "sqDict[emotion]": ["Excitement"]}
{"asctime": "2024-10-06 04:06:47,364", "levelname": "INFO", "message": "initializing emotion system", "name": "C:\\Users\\Divyansh\\Desktop\\jarvis 69\\jarvis 4\\util\\func\\emotion.py", "funcName": "__init__", "action": "init", "sqDict[emotion]": ["Excitement"], "countOfEmotion": 18}
{"asctime": "2024-10-06 04:06:47,366", "levelname": "INFO", "message": "return list of emotion in current system tray", "name": "C:\\Users\\Divyansh\\Desktop\\jarvis 69\\jarvis 4\\util\\func\\emotion.py", "funcName": "getEmotions", "action": "getEmotions", "sqDict[emotion]": ["Excitement"]}
{"asctime": "2024-10-06 04:08:54,086", "levelname": "INFO", "message": "initializing emotion system", "name": "C:\\Users\\Divyansh\\Desktop\\jarvis 69\\jarvis 4\\util\\func\\emotion.py", "funcName": "__init__", "action": "init", "sqDict[emotion]": ["Excitement"], "countOfEmotion": 18}
{"asctime": "2024-10-06 04:08:54,089", "levelname": "INFO", "message": "return list of emotion in current system tray", "name": "C:\\Users\\Divyansh\\Desktop\\jarvis 69\\jarvis 4\\util\\func\\emotion.py", "funcName": "getEmotions", "action": "getEmotions", "sqDict[emotion]": ["Excitement"]}
{"asctime": "2024-10-06 04:08:58,600", "levelname": "INFO", "message": "initializing emotion system", "name": "C:\\Users\\Divyansh\\Desktop\\jarvis 69\\jarvis 4\\util\\func\\emotion.py", "funcName": "__init__", "action": "init", "sqDict[emotion]": ["Excitement"], "countOfEmotion": 18}
{"asctime": "2024-10-06 04:08:58,603", "levelname": "INFO", "message": "return list of emotion in current system tray", "name": "C:\\Users\\Divyansh\\Desktop\\jarvis 69\\jarvis 4\\util\\func\\emotion.py", "funcName": "getEmotions", "action": "getEmotions", "sqDict[emotion]": ["Excitement"]}
{"asctime": "2024-10-06 04:09:13,958", "levelname": "INFO", "message": "initializing emotion system", "name": "C:\\Users\\Divyansh\\Desktop\\jarvis 69\\jarvis 4\\util\\func\\emotion.py", "funcName": "__init__", "action": "init", "sqDict[emotion]": ["Excitement"], "countOfEmotion": 18}
{"asctime": "2024-10-06 04:09:13,960", "levelname": "INFO", "message": "return list of emotion in current system tray", "name": "C:\\Users\\Divyansh\\Desktop\\jarvis 69\\jarvis 4\\util\\func\\emotion.py", "funcName": "getEmotions", "action": "getEmotions", "sqDict[emotion]": ["Excitement"]}
{"asctime": "2024-10-06 04:09:34,336", "levelname": "INFO", "message": "initializing emotion system", "name": "C:\\Users\\Divyansh\\Desktop\\jarvis 69\\jarvis 4\\util\\func\\emotion.py", "funcName": "__init__", "action": "init", "sqDict[emotion]": ["Excitement"], "countOfEmotion": 18}
{"asctime": "2024-10-06 04:09:34,339", "levelname": "INFO", "message": "return list of emotion in current system tray", "name": "C:\\Users\\Divyansh\\Desktop\\jarvis 69\\jarvis 4\\util\\func\\emotion.py", "funcName": "getEmotions", "action": "getEmotions", "sqDict[emotion]": ["Excitement"]}
{"asctime": "2024-10-06 04:10:21,986", "levelname": "INFO", "message": "initializing emotion system", "name": "C:\\Users\\Divyansh\\Desktop\\jarvis 69\\jarvis 4\\util\\func\\emotion.py", "funcName": "__init__", "action": "init", "sqDict[emotion]": ["Excitement"], "countOfEmotion": 18}
{"asctime": "2024-10-06 04:10:21,988", "levelname": "INFO", "message": "return list of emotion in current system tray", "name": "C:\\Users\\Divyansh\\Desktop\\jarvis 69\\jarvis 4\\util\\func\\emotion.py", "funcName": "getEmotions", "action": "getEmotions", "sqDict[emotion]": ["Excitement"]}
{"asctime": "2024-10-06 04:11:15,337", "levelname": "INFO", "message": "initializing emotion system", "name": "C:\\Users\\Divyansh\\Desktop\\jarvis 69\\jarvis 4\\util\\func\\emotion.py", "funcName": "__init__", "action": "init", "sqDict[emotion]": ["Excitement"], "countOfEmotion": 18}
{"asctime": "2024-10-06 04:11:15,340", "levelname": "INFO", "message": "return list of emotion in current system tray", "name": "C:\\Users\\Divyansh\\Desktop\\jarvis 69\\jarvis 4\\util\\func\\emotion.py", "funcName": "getEmotions", "action": "getEmotions", "sqDict[emotion]": ["Excitement"]}
{"asctime": "2024-10-06 04:11:26,439", "levelname": "INFO", "message": "initializing emotion system", "name": "C:\\Users\\Divyansh\\Desktop\\jarvis 69\\jarvis 4\\util\\func\\emotion.py", "funcName": "__init__", "action": "init", "sqDict[emotion]": ["Excitement"], "countOfEmotion": 18}
{"asctime": "2024-10-06 04:11:26,442", "levelname": "INFO", "message": "return list of emotion in current system tray", "name": "C:\\Users\\Divyansh\\Desktop\\jarvis 69\\jarvis 4\\util\\func\\emotion.py", "funcName": "getEmotions", "action": "getEmotions", "sqDict[emotion]": ["Excitement"]}
{"asctime": "2024-10-06 04:12:07,469", "levelname": "INFO", "message": "initializing emotion system", "name": "C:\\Users\\Divyansh\\Desktop\\jarvis 69\\jarvis 4\\util\\func\\emotion.py", "funcName": "__init__", "action": "init", "sqDict[emotion]": ["Excitement"], "countOfEmotion": 18}
{"asctime": "2024-10-06 04:12:07,472", "levelname": "INFO", "message": "return list of emotion in current system tray", "name": "C:\\Users\\Divyansh\\Desktop\\jarvis 69\\jarvis 4\\util\\func\\emotion.py", "funcName": "getEmotions", "action": "getEmotions", "sqDict[emotion]": ["Excitement"]}
{"asctime": "2024-10-06 04:12:17,173", "levelname": "INFO", "message": "initializing emotion system", "name": "C:\\Users\\Divyansh\\Desktop\\jarvis 69\\jarvis 4\\util\\func\\emotion.py", "funcName": "__init__", "action": "init", "sqDict[emotion]": ["Excitement"], "countOfEmotion": 18}
{"asctime": "2024-10-06 04:12:17,178", "levelname": "INFO", "message": "return list of emotion in current system tray", "name": "C:\\Users\\Divyansh\\Desktop\\jarvis 69\\jarvis 4\\util\\func\\emotion.py", "funcName": "getEmotions", "action": "getEmotions", "sqDict[emotion]": ["Excitement"]}
{"asctime": "2024-10-06 04:12:24,470", "levelname": "INFO", "message": "initializing emotion system", "name": "C:\\Users\\Divyansh\\Desktop\\jarvis 69\\jarvis 4\\util\\func\\emotion.py", "funcName": "__init__", "action": "init", "sqDict[emotion]": ["Excitement"], "countOfEmotion": 18}
{"asctime": "2024-10-06 04:12:24,474", "levelname": "INFO", "message": "return list of emotion in current system tray", "name": "C:\\Users\\Divyansh\\Desktop\\jarvis 69\\jarvis 4\\util\\func\\emotion.py", "funcName": "getEmotions", "action": "getEmotions", "sqDict[emotion]": ["Excitement"]}
{"asctime": "2024-10-06 04:12:30,815", "levelname": "INFO", "message": "initializing emotion system", "name": "C:\\Users\\Divyansh\\Desktop\\jarvis 69\\jarvis 4\\util\\func\\emotion.py", "funcName": "__init__", "action": "init", "sqDict[emotion]": ["Excitement"], "countOfEmotion": 18}
{"asctime": "2024-10-06 04:12:30,818", "levelname": "INFO", "message": "return list of emotion in current system tray", "name": "C:\\Users\\Divyansh\\Desktop\\jarvis 69\\jarvis 4\\util\\func\\emotion.py", "funcName": "getEmotions", "action": "getEmotions", "sqDict[emotion]": ["Excitement"]}
{"asctime": "2024-10-06 04:12:44,641", "levelname": "INFO", "message": "initializing emotion system", "name": "C:\\Users\\Divyansh\\Desktop\\jarvis 69\\jarvis 4\\util\\func\\emotion.py", "funcName": "__init__", "action": "init", "sqDict[emotion]": ["Excitement"], "countOfEmotion": 18}
{"asctime": "2024-10-06 04:12:44,644", "levelname": "INFO", "message": "return list of emotion in current system tray", "name": "C:\\Users\\Divyansh\\Desktop\\jarvis 69\\jarvis 4\\util\\func\\emotion.py", "funcName": "getEmotions", "action": "getEmotions", "sqDict[emotion]": ["Excitement"]}
{"asctime": "2024-10-06 04:18:57,445", "levelname": "INFO", "message": "initializing emotion system", "name": "C:\\Users\\Divyansh\\Desktop\\jarvis 69\\jarvis 4\\util\\func\\emotion.py", "funcName": "__init__", "action": "init", "sqDict[emotion]": ["Excitement"], "countOfEmotion": 18}
{"asctime": "2024-10-06 04:18:57,447", "levelname": "INFO", "message": "return list of emotion in current system tray", "name": "C:\\Users\\Divyansh\\Desktop\\jarvis 69\\jarvis 4\\util\\func\\emotion.py", "funcName": "getEmotions", "action": "getEmotions", "sqDict[emotion]": ["Excitement"]}
{"asctime": "2024-10-06 04:19:06,128", "levelname": "INFO", "message": "initializing emotion system", "name": "C:\\Users\\Divyansh\\Desktop\\jarvis 69\\jarvis 4\\util\\func\\emotion.py", "funcName": "__init__", "action": "init", "sqDict[emotion]": ["Excitement"], "countOfEmotion": 18}
{"asctime": "2024-10-06 04:19:06,131", "levelname": "INFO", "message": "return list of emotion in current system tray", "name": "C:\\Users\\Divyansh\\Desktop\\jarvis 69\\jarvis 4\\util\\func\\emotion.py", "funcName": "getEmotions", "action": "getEmotions", "sqDict[emotion]": ["Excitement"]}
{"asctime": "2024-10-06 04:19:53,670", "levelname": "INFO", "message": "initializing emotion system", "name": "C:\\Users\\Divyansh\\Desktop\\jarvis 69\\jarvis 4\\util\\func\\emotion.py", "funcName": "__init__", "action": "init", "sqDict[emotion]": ["Excitement"], "countOfEmotion": 18}
{"asctime": "2024-10-06 04:19:53,674", "levelname": "INFO", "message": "return list of emotion in current system tray", "name": "C:\\Users\\Divyansh\\Desktop\\jarvis 69\\jarvis 4\\util\\func\\emotion.py", "funcName": "getEmotions", "action": "getEmotions", "sqDict[emotion]": ["Excitement"]}
{"asctime": "2024-10-06 04:19:55,801", "levelname": "INFO", "message": "initializing emotion system", "name": "C:\\Users\\Divyansh\\Desktop\\jarvis 69\\jarvis 4\\util\\func\\emotion.py", "funcName": "__init__", "action": "init", "sqDict[emotion]": ["Excitement"], "countOfEmotion": 18}
{"asctime": "2024-10-06 04:19:55,804", "levelname": "INFO", "message": "return list of emotion in current system tray", "name": "C:\\Users\\Divyansh\\Desktop\\jarvis 69\\jarvis 4\\util\\func\\emotion.py", "funcName": "getEmotions", "action": "getEmotions", "sqDict[emotion]": ["Excitement"]}
{"asctime": "2024-10-06 04:20:30,595", "levelname": "INFO", "message": "initializing emotion system", "name": "C:\\Users\\Divyansh\\Desktop\\jarvis 69\\jarvis 4\\util\\func\\emotion.py", "funcName": "__init__", "action": "init", "sqDict[emotion]": ["Excitement"], "countOfEmotion": 18}
{"asctime": "2024-10-06 04:20:30,598", "levelname": "INFO", "message": "return list of emotion in current system tray", "name": "C:\\Users\\Divyansh\\Desktop\\jarvis 69\\jarvis 4\\util\\func\\emotion.py", "funcName": "getEmotions", "action": "getEmotions", "sqDict[emotion]": ["Excitement"]}
{"asctime": "2024-10-06 04:20:33,656", "levelname": "INFO", "message": "initializing emotion system", "name": "C:\\Users\\Divyansh\\Desktop\\jarvis 69\\jarvis 4\\util\\func\\emotion.py", "funcName": "__init__", "action": "init", "sqDict[emotion]": ["Excitement"], "countOfEmotion": 18}
{"asctime": "2024-10-06 04:20:33,658", "levelname": "INFO", "message": "return list of emotion in current system tray", "name": "C:\\Users\\Divyansh\\Desktop\\jarvis 69\\jarvis 4\\util\\func\\emotion.py", "funcName": "getEmotions", "action": "getEmotions", "sqDict[emotion]": ["Excitement"]}
{"asctime": "2024-10-06 04:21:43,753", "levelname": "INFO", "message": "initializing emotion system", "name": "C:\\Users\\Divyansh\\Desktop\\jarvis 69\\jarvis 4\\util\\func\\emotion.py", "funcName": "__init__", "action": "init", "sqDict[emotion]": ["Excitement"], "countOfEmotion": 18}
{"asctime": "2024-10-06 04:21:43,759", "levelname": "INFO", "message": "return list of emotion in current system tray", "name": "C:\\Users\\Divyansh\\Desktop\\jarvis 69\\jarvis 4\\util\\func\\emotion.py", "funcName": "getEmotions", "action": "getEmotions", "sqDict[emotion]": ["Excitement"]}
{"asctime": "2024-10-06 04:21:46,251", "levelname": "INFO", "message": "initializing emotion system", "name": "C:\\Users\\Divyansh\\Desktop\\jarvis 69\\jarvis 4\\util\\func\\emotion.py", "funcName": "__init__", "action": "init", "sqDict[emotion]": ["Excitement"], "countOfEmotion": 18}
{"asctime": "2024-10-06 04:21:46,254", "levelname": "INFO", "message": "return list of emotion in current system tray", "name": "C:\\Users\\Divyansh\\Desktop\\jarvis 69\\jarvis 4\\util\\func\\emotion.py", "funcName": "getEmotions", "action": "getEmotions", "sqDict[emotion]": ["Excitement"]}
{"asctime": "2024-10-06 04:22:20,145", "levelname": "INFO", "message": "initializing emotion system", "name": "C:\\Users\\Divyansh\\Desktop\\jarvis 69\\jarvis 4\\util\\func\\emotion.py", "funcName": "__init__", "action": "init", "sqDict[emotion]": ["Excitement"], "countOfEmotion": 18}
{"asctime": "2024-10-06 04:22:20,150", "levelname": "INFO", "message": "return list of emotion in current system tray", "name": "C:\\Users\\Divyansh\\Desktop\\jarvis 69\\jarvis 4\\util\\func\\emotion.py", "funcName": "getEmotions", "action": "getEmotions", "sqDict[emotion]": ["Excitement"]}
{"asctime": "2024-10-06 04:22:21,297", "levelname": "INFO", "message": "initializing emotion system", "name": "C:\\Users\\Divyansh\\Desktop\\jarvis 69\\jarvis 4\\util\\func\\emotion.py", "funcName": "__init__", "action": "init", "sqDict[emotion]": ["Excitement"], "countOfEmotion": 18}
{"asctime": "2024-10-06 04:22:21,299", "levelname": "INFO", "message": "return list of emotion in current system tray", "name": "C:\\Users\\Divyansh\\Desktop\\jarvis 69\\jarvis 4\\util\\func\\emotion.py", "funcName": "getEmotions", "action": "getEmotions", "sqDict[emotion]": ["Excitement"]}
{"asctime": "2024-10-06 04:23:20,034", "levelname": "INFO", "message": "initializing emotion system", "name": "C:\\Users\\Divyansh\\Desktop\\jarvis 69\\jarvis 4\\util\\func\\emotion.py", "funcName": "__init__", "action": "init", "sqDict[emotion]": ["Excitement"], "countOfEmotion": 18}
{"asctime": "2024-10-06 04:23:20,036", "levelname": "INFO", "message": "return list of emotion in current system tray", "name": "C:\\Users\\Divyansh\\Desktop\\jarvis 69\\jarvis 4\\util\\func\\emotion.py", "funcName": "getEmotions", "action": "getEmotions", "sqDict[emotion]": ["Excitement"]}
{"asctime": "2024-10-06 04:23:23,200", "levelname": "INFO", "message": "initializing emotion system", "name": "C:\\Users\\Divyansh\\Desktop\\jarvis 69\\jarvis 4\\util\\func\\emotion.py", "funcName": "__init__", "action": "init", "sqDict[emotion]": ["Excitement"], "countOfEmotion": 18}
{"asctime": "2024-10-06 04:23:23,202", "levelname": "INFO", "message": "return list of emotion in current system tray", "name": "C:\\Users\\Divyansh\\Desktop\\jarvis 69\\jarvis 4\\util\\func\\emotion.py", "funcName": "getEmotions", "action": "getEmotions", "sqDict[emotion]": ["Excitement"]}
{"asctime": "2024-10-06 04:23:26,123", "levelname": "INFO", "message": "initializing emotion system", "name": "C:\\Users\\Divyansh\\Desktop\\jarvis 69\\jarvis 4\\util\\func\\emotion.py", "funcName": "__init__", "action": "init", "sqDict[emotion]": ["Excitement"], "countOfEmotion": 18}
{"asctime": "2024-10-06 04:23:26,125", "levelname": "INFO", "message": "return list of emotion in current system tray", "name": "C:\\Users\\Divyansh\\Desktop\\jarvis 69\\jarvis 4\\util\\func\\emotion.py", "funcName": "getEmotions", "action": "getEmotions", "sqDict[emotion]": ["Excitement"]}
{"asctime": "2024-10-06 04:24:16,863", "levelname": "INFO", "message": "initializing emotion system", "name": "C:\\Users\\Divyansh\\Desktop\\jarvis 69\\jarvis 4\\util\\func\\emotion.py", "funcName": "__init__", "action": "init", "sqDict[emotion]": ["Excitement"], "countOfEmotion": 18}
{"asctime": "2024-10-06 04:24:16,866", "levelname": "INFO", "message": "return list of emotion in current system tray", "name": "C:\\Users\\Divyansh\\Desktop\\jarvis 69\\jarvis 4\\util\\func\\emotion.py", "funcName": "getEmotions", "action": "getEmotions", "sqDict[emotion]": ["Excitement"]}
{"asctime": "2024-10-06 04:24:18,667", "levelname": "INFO", "message": "initializing emotion system", "name": "C:\\Users\\Divyansh\\Desktop\\jarvis 69\\jarvis 4\\util\\func\\emotion.py", "funcName": "__init__", "action": "init", "sqDict[emotion]": ["Excitement"], "countOfEmotion": 18}
{"asctime": "2024-10-06 04:24:18,670", "levelname": "INFO", "message": "return list of emotion in current system tray", "name": "C:\\Users\\Divyansh\\Desktop\\jarvis 69\\jarvis 4\\util\\func\\emotion.py", "funcName": "getEmotions", "action": "getEmotions", "sqDict[emotion]": ["Excitement"]}
{"asctime": "2024-10-06 04:25:43,117", "levelname": "INFO", "message": "initializing emotion system", "name": "C:\\Users\\Divyansh\\Desktop\\jarvis 69\\jarvis 4\\util\\func\\emotion.py", "funcName": "__init__", "action": "init", "sqDict[emotion]": ["Excitement"], "countOfEmotion": 18}
{"asctime": "2024-10-06 04:25:43,127", "levelname": "INFO", "message": "return list of emotion in current system tray", "name": "C:\\Users\\Divyansh\\Desktop\\jarvis 69\\jarvis 4\\util\\func\\emotion.py", "funcName": "getEmotions", "action": "getEmotions", "sqDict[emotion]": ["Excitement"]}
{"asctime": "2024-10-06 04:25:45,370", "levelname": "INFO", "message": "initializing emotion system", "name": "C:\\Users\\Divyansh\\Desktop\\jarvis 69\\jarvis 4\\util\\func\\emotion.py", "funcName": "__init__", "action": "init", "sqDict[emotion]": ["Excitement"], "countOfEmotion": 18}
{"asctime": "2024-10-06 04:25:45,372", "levelname": "INFO", "message": "return list of emotion in current system tray", "name": "C:\\Users\\Divyansh\\Desktop\\jarvis 69\\jarvis 4\\util\\func\\emotion.py", "funcName": "getEmotions", "action": "getEmotions", "sqDict[emotion]": ["Excitement"]}
{"asctime": "2024-10-06 04:25:51,803", "levelname": "INFO", "message": "initializing emotion system", "name": "C:\\Users\\Divyansh\\Desktop\\jarvis 69\\jarvis 4\\util\\func\\emotion.py", "funcName": "__init__", "action": "init", "sqDict[emotion]": ["Excitement"], "countOfEmotion": 18}
{"asctime": "2024-10-06 04:25:51,806", "levelname": "INFO", "message": "return list of emotion in current system tray", "name": "C:\\Users\\Divyansh\\Desktop\\jarvis 69\\jarvis 4\\util\\func\\emotion.py", "funcName": "getEmotions", "action": "getEmotions", "sqDict[emotion]": ["Excitement"]}
{"asctime": "2024-10-06 04:26:47,487", "levelname": "INFO", "message": "initializing emotion system", "name": "C:\\Users\\Divyansh\\Desktop\\jarvis 69\\jarvis 4\\util\\func\\emotion.py", "funcName": "__init__", "action": "init", "sqDict[emotion]": ["Excitement"], "countOfEmotion": 18}
{"asctime": "2024-10-06 04:26:47,490", "levelname": "INFO", "message": "return list of emotion in current system tray", "name": "C:\\Users\\Divyansh\\Desktop\\jarvis 69\\jarvis 4\\util\\func\\emotion.py", "funcName": "getEmotions", "action": "getEmotions", "sqDict[emotion]": ["Excitement"]}
{"asctime": "2024-10-06 04:26:50,451", "levelname": "INFO", "message": "initializing emotion system", "name": "C:\\Users\\Divyansh\\Desktop\\jarvis 69\\jarvis 4\\util\\func\\emotion.py", "funcName": "__init__", "action": "init", "sqDict[emotion]": ["Excitement"], "countOfEmotion": 18}
{"asctime": "2024-10-06 04:26:50,453", "levelname": "INFO", "message": "return list of emotion in current system tray", "name": "C:\\Users\\Divyansh\\Desktop\\jarvis 69\\jarvis 4\\util\\func\\emotion.py", "funcName": "getEmotions", "action": "getEmotions", "sqDict[emotion]": ["Excitement"]}
{"asctime": "2024-10-06 04:27:53,319", "levelname": "INFO", "message": "initializing emotion system", "name": "C:\\Users\\Divyansh\\Desktop\\jarvis 69\\jarvis 4\\util\\func\\emotion.py", "funcName": "__init__", "action": "init", "sqDict[emotion]": ["Excitement"], "countOfEmotion": 18}
{"asctime": "2024-10-06 04:27:53,321", "levelname": "INFO", "message": "return list of emotion in current system tray", "name": "C:\\Users\\Divyansh\\Desktop\\jarvis 69\\jarvis 4\\util\\func\\emotion.py", "funcName": "getEmotions", "action": "getEmotions", "sqDict[emotion]": ["Excitement"]}
{"asctime": "2024-10-06 04:28:01,376", "levelname": "INFO", "message": "initializing emotion system", "name": "C:\\Users\\Divyansh\\Desktop\\jarvis 69\\jarvis 4\\util\\func\\emotion.py", "funcName": "__init__", "action": "init", "sqDict[emotion]": ["Excitement"], "countOfEmotion": 18}
{"asctime": "2024-10-06 04:28:01,379", "levelname": "INFO", "message": "return list of emotion in current system tray", "name": "C:\\Users\\Divyansh\\Desktop\\jarvis 69\\jarvis 4\\util\\func\\emotion.py", "funcName": "getEmotions", "action": "getEmotions", "sqDict[emotion]": ["Excitement"]}
{"asctime": "2024-10-06 04:28:14,313", "levelname": "INFO", "message": "initializing emotion system", "name": "C:\\Users\\Divyansh\\Desktop\\jarvis 69\\jarvis 4\\util\\func\\emotion.py", "funcName": "__init__", "action": "init", "sqDict[emotion]": ["Excitement"], "countOfEmotion": 18}
{"asctime": "2024-10-06 04:28:14,315", "levelname": "INFO", "message": "return list of emotion in current system tray", "name": "C:\\Users\\Divyansh\\Desktop\\jarvis 69\\jarvis 4\\util\\func\\emotion.py", "funcName": "getEmotions", "action": "getEmotions", "sqDict[emotion]": ["Excitement"]}
{"asctime": "2024-10-06 04:28:33,889", "levelname": "INFO", "message": "initializing emotion system", "name": "C:\\Users\\Divyansh\\Desktop\\jarvis 69\\jarvis 4\\util\\func\\emotion.py", "funcName": "__init__", "action": "init", "sqDict[emotion]": ["Excitement"], "countOfEmotion": 18}
{"asctime": "2024-10-06 04:28:33,893", "levelname": "INFO", "message": "return list of emotion in current system tray", "name": "C:\\Users\\Divyansh\\Desktop\\jarvis 69\\jarvis 4\\util\\func\\emotion.py", "funcName": "getEmotions", "action": "getEmotions", "sqDict[emotion]": ["Excitement"]}
{"asctime": "2024-10-06 04:32:27,967", "levelname": "INFO", "message": "initializing emotion system", "name": "C:\\Users\\Divyansh\\Desktop\\jarvis 69\\jarvis 4\\util\\func\\emotion.py", "funcName": "__init__", "action": "init", "sqDict[emotion]": ["Excitement"], "countOfEmotion": 18}
{"asctime": "2024-10-06 04:32:27,969", "levelname": "INFO", "message": "return list of emotion in current system tray", "name": "C:\\Users\\Divyansh\\Desktop\\jarvis 69\\jarvis 4\\util\\func\\emotion.py", "funcName": "getEmotions", "action": "getEmotions", "sqDict[emotion]": ["Excitement"]}
{"asctime": "2024-10-06 04:32:29,356", "levelname": "INFO", "message": "initializing emotion system", "name": "C:\\Users\\Divyansh\\Desktop\\jarvis 69\\jarvis 4\\util\\func\\emotion.py", "funcName": "__init__", "action": "init", "sqDict[emotion]": ["Excitement"], "countOfEmotion": 18}
{"asctime": "2024-10-06 04:32:29,359", "levelname": "INFO", "message": "return list of emotion in current system tray", "name": "C:\\Users\\Divyansh\\Desktop\\jarvis 69\\jarvis 4\\util\\func\\emotion.py", "funcName": "getEmotions", "action": "getEmotions", "sqDict[emotion]": ["Excitement"]}
{"asctime": "2024-10-06 04:32:33,034", "levelname": "INFO", "message": "initializing emotion system", "name": "C:\\Users\\Divyansh\\Desktop\\jarvis 69\\jarvis 4\\util\\func\\emotion.py", "funcName": "__init__", "action": "init", "sqDict[emotion]": ["Excitement"], "countOfEmotion": 18}
{"asctime": "2024-10-06 04:32:33,036", "levelname": "INFO", "message": "return list of emotion in current system tray", "name": "C:\\Users\\Divyansh\\Desktop\\jarvis 69\\jarvis 4\\util\\func\\emotion.py", "funcName": "getEmotions", "action": "getEmotions", "sqDict[emotion]": ["Excitement"]}
{"asctime": "2024-10-06 04:32:40,241", "levelname": "INFO", "message": "initializing emotion system", "name": "C:\\Users\\Divyansh\\Desktop\\jarvis 69\\jarvis 4\\util\\func\\emotion.py", "funcName": "__init__", "action": "init", "sqDict[emotion]": ["Excitement"], "countOfEmotion": 18}
{"asctime": "2024-10-06 04:32:40,243", "levelname": "INFO", "message": "return list of emotion in current system tray", "name": "C:\\Users\\Divyansh\\Desktop\\jarvis 69\\jarvis 4\\util\\func\\emotion.py", "funcName": "getEmotions", "action": "getEmotions", "sqDict[emotion]": ["Excitement"]}
{"asctime": "2024-10-06 04:32:56,193", "levelname": "INFO", "message": "initializing emotion system", "name": "C:\\Users\\Divyansh\\Desktop\\jarvis 69\\jarvis 4\\util\\func\\emotion.py", "funcName": "__init__", "action": "init", "sqDict[emotion]": ["Excitement"], "countOfEmotion": 18}
{"asctime": "2024-10-06 04:32:56,196", "levelname": "INFO", "message": "return list of emotion in current system tray", "name": "C:\\Users\\Divyansh\\Desktop\\jarvis 69\\jarvis 4\\util\\func\\emotion.py", "funcName": "getEmotions", "action": "getEmotions", "sqDict[emotion]": ["Excitement"]}
{"asctime": "2024-10-06 04:33:12,555", "levelname": "INFO", "message": "initializing emotion system", "name": "C:\\Users\\Divyansh\\Desktop\\jarvis 69\\jarvis 4\\util\\func\\emotion.py", "funcName": "__init__", "action": "init", "sqDict[emotion]": ["Excitement"], "countOfEmotion": 18}
{"asctime": "2024-10-06 04:33:12,558", "levelname": "INFO", "message": "return list of emotion in current system tray", "name": "C:\\Users\\Divyansh\\Desktop\\jarvis 69\\jarvis 4\\util\\func\\emotion.py", "funcName": "getEmotions", "action": "getEmotions", "sqDict[emotion]": ["Excitement"]}
{"asctime": "2024-10-06 04:33:15,185", "levelname": "INFO", "message": "initializing emotion system", "name": "C:\\Users\\Divyansh\\Desktop\\jarvis 69\\jarvis 4\\util\\func\\emotion.py", "funcName": "__init__", "action": "init", "sqDict[emotion]": ["Excitement"], "countOfEmotion": 18}
{"asctime": "2024-10-06 04:33:15,187", "levelname": "INFO", "message": "return list of emotion in current system tray", "name": "C:\\Users\\Divyansh\\Desktop\\jarvis 69\\jarvis 4\\util\\func\\emotion.py", "funcName": "getEmotions", "action": "getEmotions", "sqDict[emotion]": ["Excitement"]}
{"asctime": "2024-10-06 05:17:22,565", "levelname": "INFO", "message": "initializing emotion system", "name": "C:\\Users\\Divyansh\\Desktop\\jarvis 69\\jarvis 4\\util\\func\\emotion.py", "funcName": "__init__", "action": "init", "sqDict[emotion]": ["Excitement"], "countOfEmotion": 18}
{"asctime": "2024-10-06 05:17:22,568", "levelname": "INFO", "message": "return list of emotion in current system tray", "name": "C:\\Users\\Divyansh\\Desktop\\jarvis 69\\jarvis 4\\util\\func\\emotion.py", "funcName": "getEmotions", "action": "getEmotions", "sqDict[emotion]": ["Excitement"]}
