{"asctime": "2024-10-15 17:33:50,764", "levelname": "INFO", "message": "initializing emotion system", "name": "c:\\Users\\Divyansh\\Desktop\\jarvis 69\\jarvis 7\\util\\func\\emotion.py", "funcName": "__init__", "action": "init", "sqDict[emotion]": ["Excitement"], "countOfEmotion": 18}
{"asctime": "2024-10-15 17:41:01,009", "levelname": "INFO", "message": "initializing emotion system", "name": "C:\\Users\\Divyansh\\Desktop\\jarvis 69\\jarvis 7\\util\\func\\emotion.py", "funcName": "__init__", "action": "init", "sqDict[emotion]": ["Excitement"], "countOfEmotion": 18}
{"asctime": "2024-10-15 17:41:01,019", "levelname": "INFO", "message": "return list of emotion in current system tray", "name": "C:\\Users\\Divyansh\\Desktop\\jarvis 69\\jarvis 7\\util\\func\\emotion.py", "funcName": "getEmotions", "action": "getEmotions", "sqDict[emotion]": ["Excitement"]}
{"asctime": "2024-10-16 16:27:24,232", "levelname": "INFO", "message": "initializing emotion system", "name": "C:\\Users\\Divyansh\\Desktop\\jarvis 69\\jarvis 7\\util\\func\\emotion.py", "funcName": "__init__", "action": "init", "sqDict[emotion]": ["Excitement"], "countOfEmotion": 18}
{"asctime": "2024-10-16 16:27:34,119", "levelname": "INFO", "message": "initializing emotion system", "name": "C:\\Users\\Divyansh\\Desktop\\jarvis 69\\jarvis 7\\util\\func\\emotion.py", "funcName": "__init__", "action": "init", "sqDict[emotion]": ["Excitement"], "countOfEmotion": 18}
{"asctime": "2024-10-16 16:32:40,780", "levelname": "INFO", "message": "initializing emotion system", "name": "C:\\Users\\Divyansh\\Desktop\\jarvis 69\\jarvis 7\\util\\func\\emotion.py", "funcName": "__init__", "action": "init", "sqDict[emotion]": ["Excitement"], "countOfEmotion": 18}
{"asctime": "2024-10-16 16:32:40,791", "levelname": "INFO", "message": "return list of emotion in current system tray", "name": "C:\\Users\\Divyansh\\Desktop\\jarvis 69\\jarvis 7\\util\\func\\emotion.py", "funcName": "getEmotions", "action": "getEmotions", "sqDict[emotion]": ["Excitement"]}
{"asctime": "2024-10-16 16:33:05,346", "levelname": "INFO", "message": "initializing emotion system", "name": "C:\\Users\\Divyansh\\Desktop\\jarvis 69\\jarvis 7\\util\\func\\emotion.py", "funcName": "__init__", "action": "init", "sqDict[emotion]": ["Excitement"], "countOfEmotion": 18}
{"asctime": "2024-10-16 16:33:05,355", "levelname": "INFO", "message": "return list of emotion in current system tray", "name": "C:\\Users\\Divyansh\\Desktop\\jarvis 69\\jarvis 7\\util\\func\\emotion.py", "funcName": "getEmotions", "action": "getEmotions", "sqDict[emotion]": ["Excitement"]}
{"asctime": "2024-10-16 16:33:53,045", "levelname": "INFO", "message": "initializing emotion system", "name": "C:\\Users\\Divyansh\\Desktop\\jarvis 69\\jarvis 7\\util\\func\\emotion.py", "funcName": "__init__", "action": "init", "sqDict[emotion]": ["Excitement"], "countOfEmotion": 18}
{"asctime": "2024-10-16 16:33:53,053", "levelname": "INFO", "message": "return list of emotion in current system tray", "name": "C:\\Users\\Divyansh\\Desktop\\jarvis 69\\jarvis 7\\util\\func\\emotion.py", "funcName": "getEmotions", "action": "getEmotions", "sqDict[emotion]": ["Excitement"]}
{"asctime": "2024-10-16 16:33:53,064", "levelname": "INFO", "message": "return list of emotion in current system tray", "name": "C:\\Users\\Divyansh\\Desktop\\jarvis 69\\jarvis 7\\util\\func\\emotion.py", "funcName": "getEmotions", "action": "getEmotions", "sqDict[emotion]": ["Excitement"]}
{"asctime": "2024-10-16 16:34:24,136", "levelname": "INFO", "message": "initializing emotion system", "name": "C:\\Users\\Divyansh\\Desktop\\jarvis 69\\jarvis 7\\util\\func\\emotion.py", "funcName": "__init__", "action": "init", "sqDict[emotion]": ["Excitement"], "countOfEmotion": 18}
{"asctime": "2024-10-16 16:34:24,145", "levelname": "INFO", "message": "return list of emotion in current system tray", "name": "C:\\Users\\Divyansh\\Desktop\\jarvis 69\\jarvis 7\\util\\func\\emotion.py", "funcName": "getEmotions", "action": "getEmotions", "sqDict[emotion]": ["Excitement"]}
{"asctime": "2024-10-16 16:34:33,088", "levelname": "INFO", "message": "initializing emotion system", "name": "C:\\Users\\Divyansh\\Desktop\\jarvis 69\\jarvis 7\\util\\func\\emotion.py", "funcName": "__init__", "action": "init", "sqDict[emotion]": ["Excitement"], "countOfEmotion": 18}
{"asctime": "2024-10-16 16:34:33,097", "levelname": "INFO", "message": "return list of emotion in current system tray", "name": "C:\\Users\\Divyansh\\Desktop\\jarvis 69\\jarvis 7\\util\\func\\emotion.py", "funcName": "getEmotions", "action": "getEmotions", "sqDict[emotion]": ["Excitement"]}
{"asctime": "2024-10-16 16:35:20,511", "levelname": "INFO", "message": "initializing emotion system", "name": "C:\\Users\\Divyansh\\Desktop\\jarvis 69\\jarvis 7\\util\\func\\emotion.py", "funcName": "__init__", "action": "init", "sqDict[emotion]": ["Excitement"], "countOfEmotion": 18}
{"asctime": "2024-10-16 16:35:20,522", "levelname": "INFO", "message": "return list of emotion in current system tray", "name": "C:\\Users\\Divyansh\\Desktop\\jarvis 69\\jarvis 7\\util\\func\\emotion.py", "funcName": "getEmotions", "action": "getEmotions", "sqDict[emotion]": ["Excitement"]}
{"asctime": "2024-10-16 16:35:31,593", "levelname": "INFO", "message": "initializing emotion system", "name": "C:\\Users\\Divyansh\\Desktop\\jarvis 69\\jarvis 7\\util\\func\\emotion.py", "funcName": "__init__", "action": "init", "sqDict[emotion]": ["Excitement"], "countOfEmotion": 18}
{"asctime": "2024-10-16 16:35:31,605", "levelname": "INFO", "message": "return list of emotion in current system tray", "name": "C:\\Users\\Divyansh\\Desktop\\jarvis 69\\jarvis 7\\util\\func\\emotion.py", "funcName": "getEmotions", "action": "getEmotions", "sqDict[emotion]": ["Excitement"]}
{"asctime": "2024-10-16 16:56:36,253", "levelname": "INFO", "message": "initializing emotion system", "name": "C:\\Users\\Divyansh\\Desktop\\jarvis 69\\jarvis 7\\util\\func\\emotion.py", "funcName": "__init__", "action": "init", "sqDict[emotion]": ["Excitement"], "countOfEmotion": 18}
{"asctime": "2024-10-16 16:56:36,262", "levelname": "INFO", "message": "return list of emotion in current system tray", "name": "C:\\Users\\Divyansh\\Desktop\\jarvis 69\\jarvis 7\\util\\func\\emotion.py", "funcName": "getEmotions", "action": "getEmotions", "sqDict[emotion]": ["Excitement"]}
{"asctime": "2024-10-16 16:58:16,644", "levelname": "INFO", "message": "initializing emotion system", "name": "C:\\Users\\Divyansh\\Desktop\\jarvis 69\\jarvis 7\\util\\func\\emotion.py", "funcName": "__init__", "action": "init", "sqDict[emotion]": ["Excitement"], "countOfEmotion": 18}
{"asctime": "2024-10-16 16:58:36,712", "levelname": "INFO", "message": "initializing emotion system", "name": "C:\\Users\\Divyansh\\Desktop\\jarvis 69\\jarvis 7\\util\\func\\emotion.py", "funcName": "__init__", "action": "init", "sqDict[emotion]": ["Excitement"], "countOfEmotion": 18}
{"asctime": "2024-10-16 17:00:06,738", "levelname": "INFO", "message": "initializing emotion system", "name": "C:\\Users\\Divyansh\\Desktop\\jarvis 69\\jarvis 7\\util\\func\\emotion.py", "funcName": "__init__", "action": "init", "sqDict[emotion]": ["Excitement"], "countOfEmotion": 18}
{"asctime": "2024-10-16 17:00:06,747", "levelname": "INFO", "message": "return list of emotion in current system tray", "name": "C:\\Users\\Divyansh\\Desktop\\jarvis 69\\jarvis 7\\util\\func\\emotion.py", "funcName": "getEmotions", "action": "getEmotions", "sqDict[emotion]": ["Excitement"]}
{"asctime": "2024-10-16 17:00:25,374", "levelname": "INFO", "message": "initializing emotion system", "name": "C:\\Users\\Divyansh\\Desktop\\jarvis 69\\jarvis 7\\util\\func\\emotion.py", "funcName": "__init__", "action": "init", "sqDict[emotion]": ["Excitement"], "countOfEmotion": 18}
{"asctime": "2024-10-16 17:00:25,383", "levelname": "INFO", "message": "return list of emotion in current system tray", "name": "C:\\Users\\Divyansh\\Desktop\\jarvis 69\\jarvis 7\\util\\func\\emotion.py", "funcName": "getEmotions", "action": "getEmotions", "sqDict[emotion]": ["Excitement"]}
{"asctime": "2024-10-16 17:16:36,254", "levelname": "INFO", "message": "initializing emotion system", "name": "C:\\Users\\Divyansh\\Desktop\\jarvis 69\\jarvis 7\\util\\func\\emotion.py", "funcName": "__init__", "action": "init", "sqDict[emotion]": ["Excitement"], "countOfEmotion": 18}
{"asctime": "2024-10-16 17:16:36,262", "levelname": "INFO", "message": "return list of emotion in current system tray", "name": "C:\\Users\\Divyansh\\Desktop\\jarvis 69\\jarvis 7\\util\\func\\emotion.py", "funcName": "getEmotions", "action": "getEmotions", "sqDict[emotion]": ["Excitement"]}
{"asctime": "2024-10-16 17:30:18,804", "levelname": "INFO", "message": "initializing emotion system", "name": "C:\\Users\\Divyansh\\Desktop\\jarvis 69\\jarvis 7\\util\\func\\emotion.py", "funcName": "__init__", "action": "init", "sqDict[emotion]": ["Excitement"], "countOfEmotion": 18}
{"asctime": "2024-10-16 17:30:18,812", "levelname": "INFO", "message": "return list of emotion in current system tray", "name": "C:\\Users\\Divyansh\\Desktop\\jarvis 69\\jarvis 7\\util\\func\\emotion.py", "funcName": "getEmotions", "action": "getEmotions", "sqDict[emotion]": ["Excitement"]}
{"asctime": "2024-10-16 17:32:47,856", "levelname": "INFO", "message": "initializing emotion system", "name": "C:\\Users\\Divyansh\\Desktop\\jarvis 69\\jarvis 7\\util\\func\\emotion.py", "funcName": "__init__", "action": "init", "sqDict[emotion]": ["Excitement"], "countOfEmotion": 18}
{"asctime": "2024-10-16 17:32:47,863", "levelname": "INFO", "message": "return list of emotion in current system tray", "name": "C:\\Users\\Divyansh\\Desktop\\jarvis 69\\jarvis 7\\util\\func\\emotion.py", "funcName": "getEmotions", "action": "getEmotions", "sqDict[emotion]": ["Excitement"]}
{"asctime": "2024-10-16 17:33:59,447", "levelname": "INFO", "message": "initializing emotion system", "name": "C:\\Users\\Divyansh\\Desktop\\jarvis 69\\jarvis 7\\util\\func\\emotion.py", "funcName": "__init__", "action": "init", "sqDict[emotion]": ["Excitement"], "countOfEmotion": 18}
{"asctime": "2024-10-16 17:33:59,454", "levelname": "INFO", "message": "return list of emotion in current system tray", "name": "C:\\Users\\Divyansh\\Desktop\\jarvis 69\\jarvis 7\\util\\func\\emotion.py", "funcName": "getEmotions", "action": "getEmotions", "sqDict[emotion]": ["Excitement"]}
{"asctime": "2024-10-16 22:11:10,357", "levelname": "INFO", "message": "initializing emotion system", "name": "C:\\Users\\Divyansh\\Desktop\\jarvis 69\\jarvis 7\\util\\func\\emotion.py", "funcName": "__init__", "action": "init", "sqDict[emotion]": ["Excitement"], "countOfEmotion": 18}
{"asctime": "2024-10-16 22:11:10,368", "levelname": "INFO", "message": "return list of emotion in current system tray", "name": "C:\\Users\\Divyansh\\Desktop\\jarvis 69\\jarvis 7\\util\\func\\emotion.py", "funcName": "getEmotions", "action": "getEmotions", "sqDict[emotion]": ["Excitement"]}
{"asctime": "2024-10-16 22:19:04,709", "levelname": "INFO", "message": "initializing emotion system", "name": "C:\\Users\\Divyansh\\Desktop\\jarvis 69\\jarvis 7\\util\\func\\emotion.py", "funcName": "__init__", "action": "init", "sqDict[emotion]": ["Excitement"], "countOfEmotion": 18}
{"asctime": "2024-10-16 22:19:04,717", "levelname": "INFO", "message": "return list of emotion in current system tray", "name": "C:\\Users\\Divyansh\\Desktop\\jarvis 69\\jarvis 7\\util\\func\\emotion.py", "funcName": "getEmotions", "action": "getEmotions", "sqDict[emotion]": ["Excitement"]}
{"asctime": "2024-10-16 22:20:04,336", "levelname": "INFO", "message": "initializing emotion system", "name": "C:\\Users\\Divyansh\\Desktop\\jarvis 69\\jarvis 7\\util\\func\\emotion.py", "funcName": "__init__", "action": "init", "sqDict[emotion]": ["Excitement"], "countOfEmotion": 18}
{"asctime": "2024-10-16 22:20:04,346", "levelname": "INFO", "message": "return list of emotion in current system tray", "name": "C:\\Users\\Divyansh\\Desktop\\jarvis 69\\jarvis 7\\util\\func\\emotion.py", "funcName": "getEmotions", "action": "getEmotions", "sqDict[emotion]": ["Excitement"]}
{"asctime": "2024-10-17 02:38:10,096", "levelname": "INFO", "message": "initializing emotion system", "name": "C:\\Users\\Divyansh\\Desktop\\jarvis 69\\jarvis 7\\util\\func\\emotion.py", "funcName": "__init__", "action": "init", "sqDict[emotion]": ["Excitement"], "countOfEmotion": 18}
{"asctime": "2024-10-17 02:38:10,554", "levelname": "INFO", "message": "return list of emotion in current system tray", "name": "C:\\Users\\Divyansh\\Desktop\\jarvis 69\\jarvis 7\\util\\func\\emotion.py", "funcName": "getEmotions", "action": "getEmotions", "sqDict[emotion]": ["Excitement"]}
{"asctime": "2024-10-17 13:49:21,020", "levelname": "INFO", "message": "initializing emotion system", "name": "C:\\Users\\Divyansh\\Desktop\\jarvis 69\\jarvis 7\\util\\func\\emotion.py", "funcName": "__init__", "action": "init", "sqDict[emotion]": ["Excitement"], "countOfEmotion": 18}
{"asctime": "2024-10-17 13:49:21,396", "levelname": "INFO", "message": "return list of emotion in current system tray", "name": "C:\\Users\\Divyansh\\Desktop\\jarvis 69\\jarvis 7\\util\\func\\emotion.py", "funcName": "getEmotions", "action": "getEmotions", "sqDict[emotion]": ["Excitement"]}
{"asctime": "2024-10-17 13:49:32,223", "levelname": "INFO", "message": "initializing emotion system", "name": "C:\\Users\\Divyansh\\Desktop\\jarvis 69\\jarvis 7\\util\\func\\emotion.py", "funcName": "__init__", "action": "init", "sqDict[emotion]": ["Excitement"], "countOfEmotion": 18}
{"asctime": "2024-10-17 13:49:32,598", "levelname": "INFO", "message": "return list of emotion in current system tray", "name": "C:\\Users\\Divyansh\\Desktop\\jarvis 69\\jarvis 7\\util\\func\\emotion.py", "funcName": "getEmotions", "action": "getEmotions", "sqDict[emotion]": ["Excitement"]}
{"asctime": "2024-10-17 13:50:12,743", "levelname": "INFO", "message": "initializing emotion system", "name": "C:\\Users\\Divyansh\\Desktop\\jarvis 69\\jarvis 7\\util\\func\\emotion.py", "funcName": "__init__", "action": "init", "sqDict[emotion]": ["Excitement"], "countOfEmotion": 18}
{"asctime": "2024-10-17 13:50:13,124", "levelname": "INFO", "message": "return list of emotion in current system tray", "name": "C:\\Users\\Divyansh\\Desktop\\jarvis 69\\jarvis 7\\util\\func\\emotion.py", "funcName": "getEmotions", "action": "getEmotions", "sqDict[emotion]": ["Excitement"]}
{"asctime": "2024-10-17 19:03:30,401", "levelname": "INFO", "message": "initializing emotion system", "name": "C:\\Users\\Divyansh\\Desktop\\jarvis 69\\jarvis 7\\util\\func\\emotion.py", "funcName": "__init__", "action": "init", "sqDict[emotion]": ["Excitement"], "countOfEmotion": 18}
{"asctime": "2024-10-17 19:03:30,874", "levelname": "INFO", "message": "return list of emotion in current system tray", "name": "C:\\Users\\Divyansh\\Desktop\\jarvis 69\\jarvis 7\\util\\func\\emotion.py", "funcName": "getEmotions", "action": "getEmotions", "sqDict[emotion]": ["Excitement"]}
{"asctime": "2024-10-17 19:11:12,123", "levelname": "INFO", "message": "initializing emotion system", "name": "C:\\Users\\Divyansh\\Desktop\\jarvis 69\\jarvis 7\\util\\func\\emotion.py", "funcName": "__init__", "action": "init", "sqDict[emotion]": ["Excitement"], "countOfEmotion": 18}
{"asctime": "2024-10-17 19:11:12,497", "levelname": "INFO", "message": "return list of emotion in current system tray", "name": "C:\\Users\\Divyansh\\Desktop\\jarvis 69\\jarvis 7\\util\\func\\emotion.py", "funcName": "getEmotions", "action": "getEmotions", "sqDict[emotion]": ["Excitement"]}
{"asctime": "2024-10-17 21:53:27,129", "levelname": "INFO", "message": "initializing emotion system", "name": "C:\\Users\\Divyansh\\Desktop\\jarvis 69\\jarvis 7\\util\\func\\emotion.py", "funcName": "__init__", "action": "init", "sqDict[emotion]": ["Excitement"], "countOfEmotion": 18}
{"asctime": "2024-10-17 21:53:27,507", "levelname": "INFO", "message": "return list of emotion in current system tray", "name": "C:\\Users\\Divyansh\\Desktop\\jarvis 69\\jarvis 7\\util\\func\\emotion.py", "funcName": "getEmotions", "action": "getEmotions", "sqDict[emotion]": ["Excitement"]}
{"asctime": "2024-10-17 22:22:22,789", "levelname": "INFO", "message": "initializing emotion system", "name": "C:\\Users\\Divyansh\\Desktop\\jarvis 69\\jarvis 7\\util\\func\\emotion.py", "funcName": "__init__", "action": "init", "sqDict[emotion]": ["Excitement"], "countOfEmotion": 18}
{"asctime": "2024-10-17 22:22:23,171", "levelname": "INFO", "message": "return list of emotion in current system tray", "name": "C:\\Users\\Divyansh\\Desktop\\jarvis 69\\jarvis 7\\util\\func\\emotion.py", "funcName": "getEmotions", "action": "getEmotions", "sqDict[emotion]": ["Excitement"]}
{"asctime": "2024-10-17 22:23:21,209", "levelname": "INFO", "message": "initializing emotion system", "name": "C:\\Users\\Divyansh\\Desktop\\jarvis 69\\jarvis 7\\util\\func\\emotion.py", "funcName": "__init__", "action": "init", "sqDict[emotion]": ["Excitement"], "countOfEmotion": 18}
{"asctime": "2024-10-17 22:23:21,707", "levelname": "INFO", "message": "return list of emotion in current system tray", "name": "C:\\Users\\Divyansh\\Desktop\\jarvis 69\\jarvis 7\\util\\func\\emotion.py", "funcName": "getEmotions", "action": "getEmotions", "sqDict[emotion]": ["Excitement"]}
{"asctime": "2024-10-17 22:23:57,827", "levelname": "INFO", "message": "initializing emotion system", "name": "C:\\Users\\Divyansh\\Desktop\\jarvis 69\\jarvis 7\\util\\func\\emotion.py", "funcName": "__init__", "action": "init", "sqDict[emotion]": ["Excitement"], "countOfEmotion": 18}
{"asctime": "2024-10-17 22:23:58,196", "levelname": "INFO", "message": "return list of emotion in current system tray", "name": "C:\\Users\\Divyansh\\Desktop\\jarvis 69\\jarvis 7\\util\\func\\emotion.py", "funcName": "getEmotions", "action": "getEmotions", "sqDict[emotion]": ["Excitement"]}
{"asctime": "2024-10-17 22:24:41,815", "levelname": "INFO", "message": "initializing emotion system", "name": "C:\\Users\\Divyansh\\Desktop\\jarvis 69\\jarvis 7\\util\\func\\emotion.py", "funcName": "__init__", "action": "init", "sqDict[emotion]": ["Excitement"], "countOfEmotion": 18}
{"asctime": "2024-10-17 22:24:42,173", "levelname": "INFO", "message": "return list of emotion in current system tray", "name": "C:\\Users\\Divyansh\\Desktop\\jarvis 69\\jarvis 7\\util\\func\\emotion.py", "funcName": "getEmotions", "action": "getEmotions", "sqDict[emotion]": ["Excitement"]}
{"asctime": "2024-10-17 22:26:28,065", "levelname": "INFO", "message": "initializing emotion system", "name": "C:\\Users\\Divyansh\\Desktop\\jarvis 69\\jarvis 7\\util\\func\\emotion.py", "funcName": "__init__", "action": "init", "sqDict[emotion]": ["Excitement"], "countOfEmotion": 18}
{"asctime": "2024-10-17 22:26:28,437", "levelname": "INFO", "message": "return list of emotion in current system tray", "name": "C:\\Users\\Divyansh\\Desktop\\jarvis 69\\jarvis 7\\util\\func\\emotion.py", "funcName": "getEmotions", "action": "getEmotions", "sqDict[emotion]": ["Excitement"]}
{"asctime": "2024-10-17 22:26:57,726", "levelname": "INFO", "message": "initializing emotion system", "name": "C:\\Users\\Divyansh\\Desktop\\jarvis 69\\jarvis 7\\util\\func\\emotion.py", "funcName": "__init__", "action": "init", "sqDict[emotion]": ["Excitement"], "countOfEmotion": 18}
{"asctime": "2024-10-17 22:26:58,095", "levelname": "INFO", "message": "return list of emotion in current system tray", "name": "C:\\Users\\Divyansh\\Desktop\\jarvis 69\\jarvis 7\\util\\func\\emotion.py", "funcName": "getEmotions", "action": "getEmotions", "sqDict[emotion]": ["Excitement"]}
{"asctime": "2024-10-17 22:29:02,262", "levelname": "INFO", "message": "initializing emotion system", "name": "C:\\Users\\Divyansh\\Desktop\\jarvis 69\\jarvis 7\\util\\func\\emotion.py", "funcName": "__init__", "action": "init", "sqDict[emotion]": ["Excitement"], "countOfEmotion": 18}
{"asctime": "2024-10-17 22:29:02,644", "levelname": "INFO", "message": "return list of emotion in current system tray", "name": "C:\\Users\\Divyansh\\Desktop\\jarvis 69\\jarvis 7\\util\\func\\emotion.py", "funcName": "getEmotions", "action": "getEmotions", "sqDict[emotion]": ["Excitement"]}
{"asctime": "2024-10-17 22:29:30,196", "levelname": "INFO", "message": "initializing emotion system", "name": "C:\\Users\\Divyansh\\Desktop\\jarvis 69\\jarvis 7\\util\\func\\emotion.py", "funcName": "__init__", "action": "init", "sqDict[emotion]": ["Excitement"], "countOfEmotion": 18}
{"asctime": "2024-10-17 22:29:30,648", "levelname": "INFO", "message": "return list of emotion in current system tray", "name": "C:\\Users\\Divyansh\\Desktop\\jarvis 69\\jarvis 7\\util\\func\\emotion.py", "funcName": "getEmotions", "action": "getEmotions", "sqDict[emotion]": ["Excitement"]}
{"asctime": "2024-10-17 22:30:31,667", "levelname": "INFO", "message": "initializing emotion system", "name": "C:\\Users\\Divyansh\\Desktop\\jarvis 69\\jarvis 7\\util\\func\\emotion.py", "funcName": "__init__", "action": "init", "sqDict[emotion]": ["Excitement"], "countOfEmotion": 18}
{"asctime": "2024-10-17 22:30:32,031", "levelname": "INFO", "message": "return list of emotion in current system tray", "name": "C:\\Users\\Divyansh\\Desktop\\jarvis 69\\jarvis 7\\util\\func\\emotion.py", "funcName": "getEmotions", "action": "getEmotions", "sqDict[emotion]": ["Excitement"]}
{"asctime": "2024-10-17 22:31:40,393", "levelname": "INFO", "message": "initializing emotion system", "name": "C:\\Users\\Divyansh\\Desktop\\jarvis 69\\jarvis 7\\util\\func\\emotion.py", "funcName": "__init__", "action": "init", "sqDict[emotion]": ["Excitement"], "countOfEmotion": 18}
{"asctime": "2024-10-17 22:31:40,850", "levelname": "INFO", "message": "return list of emotion in current system tray", "name": "C:\\Users\\Divyansh\\Desktop\\jarvis 69\\jarvis 7\\util\\func\\emotion.py", "funcName": "getEmotions", "action": "getEmotions", "sqDict[emotion]": ["Excitement"]}
{"asctime": "2024-10-17 22:32:18,740", "levelname": "INFO", "message": "initializing emotion system", "name": "C:\\Users\\Divyansh\\Desktop\\jarvis 69\\jarvis 7\\util\\func\\emotion.py", "funcName": "__init__", "action": "init", "sqDict[emotion]": ["Excitement"], "countOfEmotion": 18}
{"asctime": "2024-10-17 22:32:19,121", "levelname": "INFO", "message": "return list of emotion in current system tray", "name": "C:\\Users\\Divyansh\\Desktop\\jarvis 69\\jarvis 7\\util\\func\\emotion.py", "funcName": "getEmotions", "action": "getEmotions", "sqDict[emotion]": ["Excitement"]}
{"asctime": "2024-10-17 22:51:34,437", "levelname": "INFO", "message": "initializing emotion system", "name": "C:\\Users\\Divyansh\\Desktop\\jarvis 69\\jarvis 7\\util\\func\\emotion.py", "funcName": "__init__", "action": "init", "sqDict[emotion]": ["Excitement"], "countOfEmotion": 18}
{"asctime": "2024-10-17 22:51:34,892", "levelname": "INFO", "message": "return list of emotion in current system tray", "name": "C:\\Users\\Divyansh\\Desktop\\jarvis 69\\jarvis 7\\util\\func\\emotion.py", "funcName": "getEmotions", "action": "getEmotions", "sqDict[emotion]": ["Excitement"]}
{"asctime": "2024-10-17 22:51:54,548", "levelname": "INFO", "message": "initializing emotion system", "name": "C:\\Users\\Divyansh\\Desktop\\jarvis 69\\jarvis 7\\util\\func\\emotion.py", "funcName": "__init__", "action": "init", "sqDict[emotion]": ["Excitement"], "countOfEmotion": 18}
{"asctime": "2024-10-17 22:51:55,055", "levelname": "INFO", "message": "return list of emotion in current system tray", "name": "C:\\Users\\Divyansh\\Desktop\\jarvis 69\\jarvis 7\\util\\func\\emotion.py", "funcName": "getEmotions", "action": "getEmotions", "sqDict[emotion]": ["Excitement"]}
{"asctime": "2024-10-18 02:15:21,903", "levelname": "INFO", "message": "initializing emotion system", "name": "C:\\Users\\Divyansh\\Desktop\\jarvis 69\\jarvis 7\\util\\func\\emotion.py", "funcName": "__init__", "action": "init", "sqDict[emotion]": ["Excitement"], "countOfEmotion": 18}
{"asctime": "2024-10-18 02:15:22,269", "levelname": "INFO", "message": "return list of emotion in current system tray", "name": "C:\\Users\\Divyansh\\Desktop\\jarvis 69\\jarvis 7\\util\\func\\emotion.py", "funcName": "getEmotions", "action": "getEmotions", "sqDict[emotion]": ["Excitement"]}
{"asctime": "2024-10-18 02:15:35,366", "levelname": "INFO", "message": "initializing emotion system", "name": "C:\\Users\\Divyansh\\Desktop\\jarvis 69\\jarvis 7\\util\\func\\emotion.py", "funcName": "__init__", "action": "init", "sqDict[emotion]": ["Excitement"], "countOfEmotion": 18}
{"asctime": "2024-10-18 02:15:35,820", "levelname": "INFO", "message": "return list of emotion in current system tray", "name": "C:\\Users\\Divyansh\\Desktop\\jarvis 69\\jarvis 7\\util\\func\\emotion.py", "funcName": "getEmotions", "action": "getEmotions", "sqDict[emotion]": ["Excitement"]}
{"asctime": "2024-10-18 02:16:16,793", "levelname": "INFO", "message": "initializing emotion system", "name": "C:\\Users\\Divyansh\\Desktop\\jarvis 69\\jarvis 7\\util\\func\\emotion.py", "funcName": "__init__", "action": "init", "sqDict[emotion]": ["Excitement"], "countOfEmotion": 18}
{"asctime": "2024-10-18 02:16:17,172", "levelname": "INFO", "message": "return list of emotion in current system tray", "name": "C:\\Users\\Divyansh\\Desktop\\jarvis 69\\jarvis 7\\util\\func\\emotion.py", "funcName": "getEmotions", "action": "getEmotions", "sqDict[emotion]": ["Excitement"]}
{"asctime": "2024-10-18 02:30:20,417", "levelname": "INFO", "message": "initializing emotion system", "name": "C:\\Users\\Divyansh\\Desktop\\jarvis 69\\jarvis 7\\util\\func\\emotion.py", "funcName": "__init__", "action": "init", "sqDict[emotion]": ["Excitement"], "countOfEmotion": 18}
{"asctime": "2024-10-18 02:30:20,790", "levelname": "INFO", "message": "return list of emotion in current system tray", "name": "C:\\Users\\Divyansh\\Desktop\\jarvis 69\\jarvis 7\\util\\func\\emotion.py", "funcName": "getEmotions", "action": "getEmotions", "sqDict[emotion]": ["Excitement"]}
{"asctime": "2024-10-18 02:30:37,022", "levelname": "INFO", "message": "initializing emotion system", "name": "C:\\Users\\Divyansh\\Desktop\\jarvis 69\\jarvis 7\\util\\func\\emotion.py", "funcName": "__init__", "action": "init", "sqDict[emotion]": ["Excitement"], "countOfEmotion": 18}
{"asctime": "2024-10-18 02:30:37,404", "levelname": "INFO", "message": "return list of emotion in current system tray", "name": "C:\\Users\\Divyansh\\Desktop\\jarvis 69\\jarvis 7\\util\\func\\emotion.py", "funcName": "getEmotions", "action": "getEmotions", "sqDict[emotion]": ["Excitement"]}
{"asctime": "2024-10-18 02:32:27,469", "levelname": "INFO", "message": "initializing emotion system", "name": "C:\\Users\\Divyansh\\Desktop\\jarvis 69\\jarvis 7\\util\\func\\emotion.py", "funcName": "__init__", "action": "init", "sqDict[emotion]": ["Excitement"], "countOfEmotion": 18}
{"asctime": "2024-10-18 02:32:27,835", "levelname": "INFO", "message": "return list of emotion in current system tray", "name": "C:\\Users\\Divyansh\\Desktop\\jarvis 69\\jarvis 7\\util\\func\\emotion.py", "funcName": "getEmotions", "action": "getEmotions", "sqDict[emotion]": ["Excitement"]}
{"asctime": "2024-10-18 02:34:21,300", "levelname": "INFO", "message": "initializing emotion system", "name": "C:\\Users\\Divyansh\\Desktop\\jarvis 69\\jarvis 7\\util\\func\\emotion.py", "funcName": "__init__", "action": "init", "sqDict[emotion]": ["Excitement"], "countOfEmotion": 18}
{"asctime": "2024-10-18 02:34:22,374", "levelname": "INFO", "message": "return list of emotion in current system tray", "name": "C:\\Users\\Divyansh\\Desktop\\jarvis 69\\jarvis 7\\util\\func\\emotion.py", "funcName": "getEmotions", "action": "getEmotions", "sqDict[emotion]": ["Excitement"]}
{"asctime": "2024-10-18 02:35:57,725", "levelname": "INFO", "message": "initializing emotion system", "name": "C:\\Users\\Divyansh\\Desktop\\jarvis 69\\jarvis 7\\util\\func\\emotion.py", "funcName": "__init__", "action": "init", "sqDict[emotion]": ["Excitement"], "countOfEmotion": 18}
{"asctime": "2024-10-18 02:35:58,097", "levelname": "INFO", "message": "return list of emotion in current system tray", "name": "C:\\Users\\Divyansh\\Desktop\\jarvis 69\\jarvis 7\\util\\func\\emotion.py", "funcName": "getEmotions", "action": "getEmotions", "sqDict[emotion]": ["Excitement"]}
{"asctime": "2024-10-18 02:44:04,518", "levelname": "INFO", "message": "initializing emotion system", "name": "C:\\Users\\Divyansh\\Desktop\\jarvis 69\\jarvis 7\\util\\func\\emotion.py", "funcName": "__init__", "action": "init", "sqDict[emotion]": ["Excitement"], "countOfEmotion": 18}
{"asctime": "2024-10-18 02:44:04,885", "levelname": "INFO", "message": "return list of emotion in current system tray", "name": "C:\\Users\\Divyansh\\Desktop\\jarvis 69\\jarvis 7\\util\\func\\emotion.py", "funcName": "getEmotions", "action": "getEmotions", "sqDict[emotion]": ["Excitement"]}
{"asctime": "2024-10-18 02:44:50,883", "levelname": "INFO", "message": "initializing emotion system", "name": "C:\\Users\\Divyansh\\Desktop\\jarvis 69\\jarvis 7\\util\\func\\emotion.py", "funcName": "__init__", "action": "init", "sqDict[emotion]": ["Excitement"], "countOfEmotion": 18}
{"asctime": "2024-10-18 02:44:51,358", "levelname": "INFO", "message": "return list of emotion in current system tray", "name": "C:\\Users\\Divyansh\\Desktop\\jarvis 69\\jarvis 7\\util\\func\\emotion.py", "funcName": "getEmotions", "action": "getEmotions", "sqDict[emotion]": ["Excitement"]}
{"asctime": "2024-10-18 02:47:07,296", "levelname": "INFO", "message": "initializing emotion system", "name": "C:\\Users\\Divyansh\\Desktop\\jarvis 69\\jarvis 7\\util\\func\\emotion.py", "funcName": "__init__", "action": "init", "sqDict[emotion]": ["Excitement"], "countOfEmotion": 18}
{"asctime": "2024-10-18 02:47:07,669", "levelname": "INFO", "message": "return list of emotion in current system tray", "name": "C:\\Users\\Divyansh\\Desktop\\jarvis 69\\jarvis 7\\util\\func\\emotion.py", "funcName": "getEmotions", "action": "getEmotions", "sqDict[emotion]": ["Excitement"]}
{"asctime": "2024-10-18 02:57:47,276", "levelname": "INFO", "message": "initializing emotion system", "name": "c:\\Users\\Divyansh\\Desktop\\jarvis 69\\jarvis 7\\util\\func\\emotion.py", "funcName": "__init__", "action": "init", "sqDict[emotion]": ["Excitement"], "countOfEmotion": 18}
{"asctime": "2024-10-18 02:57:48,264", "levelname": "INFO", "message": "return list of emotion in current system tray", "name": "c:\\Users\\Divyansh\\Desktop\\jarvis 69\\jarvis 7\\util\\func\\emotion.py", "funcName": "getEmotions", "action": "getEmotions", "sqDict[emotion]": ["Excitement"]}
{"asctime": "2024-10-18 02:59:03,074", "levelname": "INFO", "message": "initializing emotion system", "name": "c:\\Users\\Divyansh\\Desktop\\jarvis 69\\jarvis 7\\util\\func\\emotion.py", "funcName": "__init__", "action": "init", "sqDict[emotion]": ["Excitement"], "countOfEmotion": 18}
{"asctime": "2024-10-18 02:59:04,077", "levelname": "INFO", "message": "return list of emotion in current system tray", "name": "c:\\Users\\Divyansh\\Desktop\\jarvis 69\\jarvis 7\\util\\func\\emotion.py", "funcName": "getEmotions", "action": "getEmotions", "sqDict[emotion]": ["Excitement"]}
{"asctime": "2024-10-18 03:00:17,663", "levelname": "INFO", "message": "initializing emotion system", "name": "c:\\Users\\Divyansh\\Desktop\\jarvis 69\\jarvis 7\\util\\func\\emotion.py", "funcName": "__init__", "action": "init", "sqDict[emotion]": ["Excitement"], "countOfEmotion": 18}
{"asctime": "2024-10-18 03:00:18,161", "levelname": "INFO", "message": "return list of emotion in current system tray", "name": "c:\\Users\\Divyansh\\Desktop\\jarvis 69\\jarvis 7\\util\\func\\emotion.py", "funcName": "getEmotions", "action": "getEmotions", "sqDict[emotion]": ["Excitement"]}
{"asctime": "2024-10-18 03:00:27,652", "levelname": "INFO", "message": "initializing emotion system", "name": "c:\\Users\\Divyansh\\Desktop\\jarvis 69\\jarvis 7\\util\\func\\emotion.py", "funcName": "__init__", "action": "init", "sqDict[emotion]": ["Excitement"], "countOfEmotion": 18}
{"asctime": "2024-10-18 03:00:28,076", "levelname": "INFO", "message": "return list of emotion in current system tray", "name": "c:\\Users\\Divyansh\\Desktop\\jarvis 69\\jarvis 7\\util\\func\\emotion.py", "funcName": "getEmotions", "action": "getEmotions", "sqDict[emotion]": ["Excitement"]}
{"asctime": "2024-10-18 03:03:45,965", "levelname": "INFO", "message": "initializing emotion system", "name": "c:\\Users\\Divyansh\\Desktop\\jarvis 69\\jarvis 7\\util\\func\\emotion.py", "funcName": "__init__", "action": "init", "sqDict[emotion]": ["Excitement"], "countOfEmotion": 18}
{"asctime": "2024-10-18 03:03:46,398", "levelname": "INFO", "message": "return list of emotion in current system tray", "name": "c:\\Users\\Divyansh\\Desktop\\jarvis 69\\jarvis 7\\util\\func\\emotion.py", "funcName": "getEmotions", "action": "getEmotions", "sqDict[emotion]": ["Excitement"]}
{"asctime": "2024-10-18 03:04:01,020", "levelname": "INFO", "message": "initializing emotion system", "name": "c:\\Users\\Divyansh\\Desktop\\jarvis 69\\jarvis 7\\util\\func\\emotion.py", "funcName": "__init__", "action": "init", "sqDict[emotion]": ["Excitement"], "countOfEmotion": 18}
{"asctime": "2024-10-18 03:04:01,379", "levelname": "INFO", "message": "return list of emotion in current system tray", "name": "c:\\Users\\Divyansh\\Desktop\\jarvis 69\\jarvis 7\\util\\func\\emotion.py", "funcName": "getEmotions", "action": "getEmotions", "sqDict[emotion]": ["Excitement"]}
{"asctime": "2024-10-18 03:05:45,491", "levelname": "INFO", "message": "initializing emotion system", "name": "c:\\Users\\Divyansh\\Desktop\\jarvis 69\\jarvis 7\\util\\func\\emotion.py", "funcName": "__init__", "action": "init", "sqDict[emotion]": ["Excitement"], "countOfEmotion": 18}
{"asctime": "2024-10-18 03:05:45,871", "levelname": "INFO", "message": "return list of emotion in current system tray", "name": "c:\\Users\\Divyansh\\Desktop\\jarvis 69\\jarvis 7\\util\\func\\emotion.py", "funcName": "getEmotions", "action": "getEmotions", "sqDict[emotion]": ["Excitement"]}
{"asctime": "2024-10-18 03:06:57,910", "levelname": "INFO", "message": "initializing emotion system", "name": "c:\\Users\\Divyansh\\Desktop\\jarvis 69\\jarvis 7\\util\\func\\emotion.py", "funcName": "__init__", "action": "init", "sqDict[emotion]": ["Excitement"], "countOfEmotion": 18}
{"asctime": "2024-10-18 03:06:58,284", "levelname": "INFO", "message": "return list of emotion in current system tray", "name": "c:\\Users\\Divyansh\\Desktop\\jarvis 69\\jarvis 7\\util\\func\\emotion.py", "funcName": "getEmotions", "action": "getEmotions", "sqDict[emotion]": ["Excitement"]}
{"asctime": "2024-10-18 03:14:38,979", "levelname": "INFO", "message": "initializing emotion system", "name": "c:\\Users\\Divyansh\\Desktop\\jarvis 69\\jarvis 7\\util\\func\\emotion.py", "funcName": "__init__", "action": "init", "sqDict[emotion]": ["Excitement"], "countOfEmotion": 18}
{"asctime": "2024-10-18 03:14:39,349", "levelname": "INFO", "message": "return list of emotion in current system tray", "name": "c:\\Users\\Divyansh\\Desktop\\jarvis 69\\jarvis 7\\util\\func\\emotion.py", "funcName": "getEmotions", "action": "getEmotions", "sqDict[emotion]": ["Excitement"]}
{"asctime": "2024-10-18 03:14:53,447", "levelname": "WARNING", "message": "emotion already exists in system tray: Excitement", "name": "c:\\Users\\Divyansh\\Desktop\\jarvis 69\\jarvis 7\\util\\func\\emotion.py", "funcName": "addEmotion"}
{"asctime": "2024-10-18 03:14:53,485", "levelname": "INFO", "message": "add emotion to current system tray", "name": "c:\\Users\\Divyansh\\Desktop\\jarvis 69\\jarvis 7\\util\\func\\emotion.py", "funcName": "addEmotion", "action": "addEmotion", "emotion": ["Excitement", "Happiness"]}
{"asctime": "2024-10-18 03:16:41,213", "levelname": "INFO", "message": "initializing emotion system", "name": "c:\\Users\\Divyansh\\Desktop\\jarvis 69\\jarvis 7\\util\\func\\emotion.py", "funcName": "__init__", "action": "init", "sqDict[emotion]": ["Excitement", "Happiness"], "countOfEmotion": 18}
{"asctime": "2024-10-18 03:16:41,569", "levelname": "INFO", "message": "return list of emotion in current system tray", "name": "c:\\Users\\Divyansh\\Desktop\\jarvis 69\\jarvis 7\\util\\func\\emotion.py", "funcName": "getEmotions", "action": "getEmotions", "sqDict[emotion]": ["Excitement", "Happiness"]}
{"asctime": "2024-10-18 03:17:44,746", "levelname": "INFO", "message": "remove emotion from current system tray", "name": "c:\\Users\\Divyansh\\Desktop\\jarvis 69\\jarvis 7\\util\\func\\emotion.py", "funcName": "removeEmotion", "action": "removeEmotion", "emotion": ["Happiness"]}
{"asctime": "2024-10-18 03:17:44,766", "levelname": "INFO", "message": "remove emotion from current system tray", "name": "c:\\Users\\Divyansh\\Desktop\\jarvis 69\\jarvis 7\\util\\func\\emotion.py", "funcName": "removeEmotion", "action": "removeEmotion", "emotion": ["Excitement"]}
{"asctime": "2024-10-18 03:23:08,786", "levelname": "INFO", "message": "initializing emotion system", "name": "c:\\Users\\Divyansh\\Desktop\\jarvis 69\\jarvis 7\\util\\func\\emotion.py", "funcName": "__init__", "action": "init", "sqDict[emotion]": ["Excitement"], "countOfEmotion": 18}
{"asctime": "2024-10-18 03:23:09,145", "levelname": "INFO", "message": "return list of emotion in current system tray", "name": "c:\\Users\\Divyansh\\Desktop\\jarvis 69\\jarvis 7\\util\\func\\emotion.py", "funcName": "getEmotions", "action": "getEmotions", "sqDict[emotion]": ["Excitement"]}
{"asctime": "2024-10-18 03:24:36,792", "levelname": "INFO", "message": "initializing emotion system", "name": "c:\\Users\\Divyansh\\Desktop\\jarvis 69\\jarvis 7\\util\\func\\emotion.py", "funcName": "__init__", "action": "init", "sqDict[emotion]": ["Excitement"], "countOfEmotion": 18}
{"asctime": "2024-10-18 03:24:37,800", "levelname": "INFO", "message": "return list of emotion in current system tray", "name": "c:\\Users\\Divyansh\\Desktop\\jarvis 69\\jarvis 7\\util\\func\\emotion.py", "funcName": "getEmotions", "action": "getEmotions", "sqDict[emotion]": ["Excitement"]}
{"asctime": "2024-10-18 03:25:33,607", "levelname": "INFO", "message": "remove emotion from current system tray", "name": "c:\\Users\\Divyansh\\Desktop\\jarvis 69\\jarvis 7\\util\\func\\emotion.py", "funcName": "removeEmotion", "action": "removeEmotion", "emotion": []}
{"asctime": "2024-10-18 03:25:33,626", "levelname": "INFO", "message": "add emotion to current system tray", "name": "c:\\Users\\Divyansh\\Desktop\\jarvis 69\\jarvis 7\\util\\func\\emotion.py", "funcName": "addEmotion", "action": "addEmotion", "emotion": ["Sadness"]}
{"asctime": "2024-10-18 03:27:58,282", "levelname": "INFO", "message": "initializing emotion system", "name": "c:\\Users\\Divyansh\\Desktop\\jarvis 69\\jarvis 7\\util\\func\\emotion.py", "funcName": "__init__", "action": "init", "sqDict[emotion]": null, "countOfEmotion": 18}
{"asctime": "2024-10-18 03:27:59,276", "levelname": "INFO", "message": "return list of emotion in current system tray", "name": "c:\\Users\\Divyansh\\Desktop\\jarvis 69\\jarvis 7\\util\\func\\emotion.py", "funcName": "getEmotions", "action": "getEmotions", "sqDict[emotion]": []}
{"asctime": "2024-10-18 03:28:41,241", "levelname": "INFO", "message": "add emotion to current system tray", "name": "c:\\Users\\Divyansh\\Desktop\\jarvis 69\\jarvis 7\\util\\func\\emotion.py", "funcName": "addEmotion", "action": "addEmotion", "emotion": ["Excitement"]}
{"asctime": "2024-10-18 03:31:16,078", "levelname": "INFO", "message": "initializing emotion system", "name": "c:\\Users\\Divyansh\\Desktop\\jarvis 69\\jarvis 7\\util\\func\\emotion.py", "funcName": "__init__", "action": "init", "sqDict[emotion]": ["Excitement"], "countOfEmotion": 18}
{"asctime": "2024-10-18 03:31:16,463", "levelname": "INFO", "message": "return list of emotion in current system tray", "name": "c:\\Users\\Divyansh\\Desktop\\jarvis 69\\jarvis 7\\util\\func\\emotion.py", "funcName": "getEmotions", "action": "getEmotions", "sqDict[emotion]": ["Excitement"]}
{"asctime": "2024-10-18 03:31:33,545", "levelname": "INFO", "message": "remove emotion from current system tray", "name": "c:\\Users\\Divyansh\\Desktop\\jarvis 69\\jarvis 7\\util\\func\\emotion.py", "funcName": "removeEmotion", "action": "removeEmotion", "emotion": []}
{"asctime": "2024-10-18 03:32:04,162", "levelname": "INFO", "message": "initializing emotion system", "name": "c:\\Users\\Divyansh\\Desktop\\jarvis 69\\jarvis 7\\util\\func\\emotion.py", "funcName": "__init__", "action": "init", "sqDict[emotion]": [], "countOfEmotion": 18}
{"asctime": "2024-10-18 03:32:04,540", "levelname": "INFO", "message": "return list of emotion in current system tray", "name": "c:\\Users\\Divyansh\\Desktop\\jarvis 69\\jarvis 7\\util\\func\\emotion.py", "funcName": "getEmotions", "action": "getEmotions", "sqDict[emotion]": []}
{"asctime": "2024-10-18 03:34:02,756", "levelname": "INFO", "message": "initializing emotion system", "name": "c:\\Users\\Divyansh\\Desktop\\jarvis 69\\jarvis 7\\util\\func\\emotion.py", "funcName": "__init__", "action": "init", "sqDict[emotion]": [], "countOfEmotion": 18}
{"asctime": "2024-10-18 03:34:03,145", "levelname": "INFO", "message": "return list of emotion in current system tray", "name": "c:\\Users\\Divyansh\\Desktop\\jarvis 69\\jarvis 7\\util\\func\\emotion.py", "funcName": "getEmotions", "action": "getEmotions", "sqDict[emotion]": []}
