{"asctime": "2024-10-31 12:46:44,675", "levelname": "INFO", "message": "initializing emotion system", "name": "c:\\Users\\Divyansh\\Desktop\\jarvis 69\\jarvis 10\\util\\func\\emotion.py", "funcName": "__init__", "action": "init", "sqDict[emotion]": null, "countOfEmotion": 18}
{"asctime": "2024-10-31 12:46:44,702", "levelname": "INFO", "message": "return list of emotion in current system tray", "name": "c:\\Users\\Divyansh\\Desktop\\jarvis 69\\jarvis 10\\util\\func\\emotion.py", "funcName": "getEmotions", "action": "getEmotions", "sqDict[emotion]": []}
{"asctime": "2024-10-31 12:46:58,626", "levelname": "INFO", "message": "add emotion to current system tray", "name": "c:\\Users\\Divyansh\\Desktop\\jarvis 69\\jarvis 10\\util\\func\\emotion.py", "funcName": "addEmotion", "action": "addEmotion", "emotion": ["Calmness"]}
{"asctime": "2024-10-31 12:47:51,550", "levelname": "INFO", "message": "initializing emotion system", "name": "c:\\Users\\Divyansh\\Desktop\\jarvis 69\\jarvis 10\\util\\func\\emotion.py", "funcName": "__init__", "action": "init", "sqDict[emotion]": ["Calmness"], "countOfEmotion": 18}
{"asctime": "2024-10-31 12:47:51,566", "levelname": "INFO", "message": "return list of emotion in current system tray", "name": "c:\\Users\\Divyansh\\Desktop\\jarvis 69\\jarvis 10\\util\\func\\emotion.py", "funcName": "getEmotions", "action": "getEmotions", "sqDict[emotion]": ["Calmness"]}
{"asctime": "2024-10-31 12:50:07,194", "levelname": "INFO", "message": "initializing emotion system", "name": "c:\\Users\\Divyansh\\Desktop\\jarvis 69\\jarvis 10\\util\\func\\emotion.py", "funcName": "__init__", "action": "init", "sqDict[emotion]": null, "countOfEmotion": 18}
{"asctime": "2024-10-31 12:50:07,210", "levelname": "INFO", "message": "return list of emotion in current system tray", "name": "c:\\Users\\Divyansh\\Desktop\\jarvis 69\\jarvis 10\\util\\func\\emotion.py", "funcName": "getEmotions", "action": "getEmotions", "sqDict[emotion]": []}
{"asctime": "2024-10-31 12:53:59,177", "levelname": "INFO", "message": "initializing emotion system", "name": "c:\\Users\\Divyansh\\Desktop\\jarvis 69\\jarvis 10\\util\\func\\emotion.py", "funcName": "__init__", "action": "init", "sqDict[emotion]": null, "countOfEmotion": 18}
{"asctime": "2024-10-31 12:53:59,196", "levelname": "INFO", "message": "return list of emotion in current system tray", "name": "c:\\Users\\Divyansh\\Desktop\\jarvis 69\\jarvis 10\\util\\func\\emotion.py", "funcName": "getEmotions", "action": "getEmotions", "sqDict[emotion]": []}
{"asctime": "2024-10-31 12:55:19,098", "levelname": "INFO", "message": "initializing emotion system", "name": "c:\\Users\\Divyansh\\Desktop\\jarvis 69\\jarvis 10\\util\\func\\emotion.py", "funcName": "__init__", "action": "init", "sqDict[emotion]": [], "countOfEmotion": 18}
{"asctime": "2024-10-31 12:55:19,118", "levelname": "INFO", "message": "return list of emotion in current system tray", "name": "c:\\Users\\Divyansh\\Desktop\\jarvis 69\\jarvis 10\\util\\func\\emotion.py", "funcName": "getEmotions", "action": "getEmotions", "sqDict[emotion]": []}
{"asctime": "2024-10-31 12:57:20,232", "levelname": "INFO", "message": "initializing emotion system", "name": "c:\\Users\\Divyansh\\Desktop\\jarvis 69\\jarvis 10\\util\\func\\emotion.py", "funcName": "__init__", "action": "init", "sqDict[emotion]": null, "countOfEmotion": 18}
{"asctime": "2024-10-31 12:57:20,252", "levelname": "INFO", "message": "return list of emotion in current system tray", "name": "c:\\Users\\Divyansh\\Desktop\\jarvis 69\\jarvis 10\\util\\func\\emotion.py", "funcName": "getEmotions", "action": "getEmotions", "sqDict[emotion]": []}
{"asctime": "2024-10-31 13:02:37,856", "levelname": "INFO", "message": "initializing emotion system", "name": "c:\\Users\\Divyansh\\Desktop\\jarvis 69\\jarvis 10\\util\\func\\emotion.py", "funcName": "__init__", "action": "init", "sqDict[emotion]": [], "countOfEmotion": 18}
{"asctime": "2024-10-31 13:02:37,881", "levelname": "INFO", "message": "return list of emotion in current system tray", "name": "c:\\Users\\Divyansh\\Desktop\\jarvis 69\\jarvis 10\\util\\func\\emotion.py", "funcName": "getEmotions", "action": "getEmotions", "sqDict[emotion]": []}
{"asctime": "2024-10-31 13:04:20,306", "levelname": "INFO", "message": "add emotion to current system tray", "name": "c:\\Users\\Divyansh\\Desktop\\jarvis 69\\jarvis 10\\util\\func\\emotion.py", "funcName": "addEmotion", "action": "addEmotion", "emotion": ["Excitement"]}
{"asctime": "2024-10-31 13:04:59,194", "levelname": "ERROR", "message": "add emotion to current system tray", "name": "c:\\Users\\Divyansh\\Desktop\\jarvis 69\\jarvis 10\\util\\func\\emotion.py", "funcName": "addEmotion", "action": "addEmotion", "error": "emotion not Exist in config", "new_emotion": "Frustration", "listOfEmotion": ["Happiness", "Sadness", "Anger", "Fear", "Disgust", "Surprise", "Love", "Jealousy", "Guilt", "Pride", "Embarrassment", "Compassion", "Gratitude", "Trust", "Loneliness", "Excitement", "Fatigue", "Calmness"]}
{"asctime": "2024-10-31 13:05:10,509", "levelname": "WARNING", "message": "emotion already exists in system tray: Excitement", "name": "c:\\Users\\Divyansh\\Desktop\\jarvis 69\\jarvis 10\\util\\func\\emotion.py", "funcName": "addEmotion"}
{"asctime": "2024-10-31 13:07:42,791", "levelname": "INFO", "message": "initializing emotion system", "name": "c:\\Users\\Divyansh\\Desktop\\jarvis 69\\jarvis 10\\util\\func\\emotion.py", "funcName": "__init__", "action": "init", "sqDict[emotion]": ["Excitement"], "countOfEmotion": 18}
{"asctime": "2024-10-31 13:07:42,805", "levelname": "INFO", "message": "return list of emotion in current system tray", "name": "c:\\Users\\Divyansh\\Desktop\\jarvis 69\\jarvis 10\\util\\func\\emotion.py", "funcName": "getEmotions", "action": "getEmotions", "sqDict[emotion]": ["Excitement"]}
{"asctime": "2024-10-31 13:07:57,177", "levelname": "INFO", "message": "add emotion to current system tray", "name": "c:\\Users\\Divyansh\\Desktop\\jarvis 69\\jarvis 10\\util\\func\\emotion.py", "funcName": "addEmotion", "action": "addEmotion", "emotion": ["Excitement", "Happiness"]}
{"asctime": "2024-10-31 13:10:34,356", "levelname": "INFO", "message": "add emotion to current system tray", "name": "c:\\Users\\Divyansh\\Desktop\\jarvis 69\\jarvis 10\\util\\func\\emotion.py", "funcName": "addEmotion", "action": "addEmotion", "emotion": ["Excitement", "Happiness", "Compassion"]}
{"asctime": "2024-10-31 13:10:52,424", "levelname": "INFO", "message": "add emotion to current system tray", "name": "c:\\Users\\Divyansh\\Desktop\\jarvis 69\\jarvis 10\\util\\func\\emotion.py", "funcName": "addEmotion", "action": "addEmotion", "emotion": ["Excitement", "Happiness", "Compassion", "Love"]}
{"asctime": "2024-10-31 13:21:46,333", "levelname": "INFO", "message": "initializing emotion system", "name": "c:\\Users\\Divyansh\\Desktop\\jarvis 69\\jarvis 10\\util\\func\\emotion.py", "funcName": "__init__", "action": "init", "sqDict[emotion]": null, "countOfEmotion": 18}
{"asctime": "2024-10-31 13:21:46,353", "levelname": "INFO", "message": "return list of emotion in current system tray", "name": "c:\\Users\\Divyansh\\Desktop\\jarvis 69\\jarvis 10\\util\\func\\emotion.py", "funcName": "getEmotions", "action": "getEmotions", "sqDict[emotion]": []}
{"asctime": "2024-10-31 13:42:53,324", "levelname": "INFO", "message": "initializing emotion system", "name": "c:\\Users\\Divyansh\\Desktop\\jarvis 69\\jarvis 10\\util\\func\\emotion.py", "funcName": "__init__", "action": "init", "sqDict[emotion]": [], "countOfEmotion": 18}
{"asctime": "2024-10-31 13:42:53,348", "levelname": "INFO", "message": "return list of emotion in current system tray", "name": "c:\\Users\\Divyansh\\Desktop\\jarvis 69\\jarvis 10\\util\\func\\emotion.py", "funcName": "getEmotions", "action": "getEmotions", "sqDict[emotion]": []}
{"asctime": "2024-11-01 03:08:40,632", "levelname": "INFO", "message": "initializing emotion system", "name": "C:\\Users\\Divyansh\\Desktop\\jarvis 69\\jarvis 10\\util\\func\\emotion.py", "funcName": "__init__", "action": "init", "sqDict[emotion]": [], "countOfEmotion": 18}
{"asctime": "2024-11-01 03:08:40,671", "levelname": "INFO", "message": "return list of emotion in current system tray", "name": "C:\\Users\\Divyansh\\Desktop\\jarvis 69\\jarvis 10\\util\\func\\emotion.py", "funcName": "getEmotions", "action": "getEmotions", "sqDict[emotion]": []}
{"asctime": "2024-11-01 03:10:28,299", "levelname": "INFO", "message": "initializing emotion system", "name": "C:\\Users\\Divyansh\\Desktop\\jarvis 69\\jarvis 10\\util\\func\\emotion.py", "funcName": "__init__", "action": "init", "sqDict[emotion]": [], "countOfEmotion": 18}
{"asctime": "2024-11-01 03:10:28,341", "levelname": "INFO", "message": "return list of emotion in current system tray", "name": "C:\\Users\\Divyansh\\Desktop\\jarvis 69\\jarvis 10\\util\\func\\emotion.py", "funcName": "getEmotions", "action": "getEmotions", "sqDict[emotion]": []}
{"asctime": "2024-11-01 03:10:43,592", "levelname": "INFO", "message": "add emotion to current system tray", "name": "C:\\Users\\Divyansh\\Desktop\\jarvis 69\\jarvis 10\\util\\func\\emotion.py", "funcName": "addEmotion", "action": "addEmotion", "emotion": ["Calmness"]}
{"asctime": "2024-11-01 03:13:37,393", "levelname": "INFO", "message": "initializing emotion system", "name": "C:\\Users\\Divyansh\\Desktop\\jarvis 69\\jarvis 10\\util\\func\\emotion.py", "funcName": "__init__", "action": "init", "sqDict[emotion]": ["Calmness"], "countOfEmotion": 18}
{"asctime": "2024-11-01 03:13:37,404", "levelname": "INFO", "message": "return list of emotion in current system tray", "name": "C:\\Users\\Divyansh\\Desktop\\jarvis 69\\jarvis 10\\util\\func\\emotion.py", "funcName": "getEmotions", "action": "getEmotions", "sqDict[emotion]": ["Calmness"]}
{"asctime": "2024-11-01 03:14:24,710", "levelname": "INFO", "message": "initializing emotion system", "name": "C:\\Users\\Divyansh\\Desktop\\jarvis 69\\jarvis 10\\util\\func\\emotion.py", "funcName": "__init__", "action": "init", "sqDict[emotion]": ["Calmness"], "countOfEmotion": 18}
{"asctime": "2024-11-01 03:14:24,723", "levelname": "INFO", "message": "return list of emotion in current system tray", "name": "C:\\Users\\Divyansh\\Desktop\\jarvis 69\\jarvis 10\\util\\func\\emotion.py", "funcName": "getEmotions", "action": "getEmotions", "sqDict[emotion]": ["Calmness"]}
{"asctime": "2024-11-01 03:16:08,710", "levelname": "INFO", "message": "add emotion to current system tray", "name": "C:\\Users\\Divyansh\\Desktop\\jarvis 69\\jarvis 10\\util\\func\\emotion.py", "funcName": "addEmotion", "action": "addEmotion", "emotion": ["Calmness", "Excitement"]}
{"asctime": "2024-11-06 22:38:10,130", "levelname": "INFO", "message": "initializing emotion system", "name": "c:\\Users\\Divyansh\\Desktop\\jarvis 69\\jarvis 10\\util\\func\\emotion.py", "funcName": "__init__", "action": "init", "sqDict[emotion]": null, "countOfEmotion": 18}
{"asctime": "2024-11-06 22:38:10,150", "levelname": "INFO", "message": "return list of emotion in current system tray", "name": "c:\\Users\\Divyansh\\Desktop\\jarvis 69\\jarvis 10\\util\\func\\emotion.py", "funcName": "getEmotions", "action": "getEmotions", "sqDict[emotion]": []}
{"asctime": "2024-11-06 22:42:37,896", "levelname": "INFO", "message": "initializing emotion system", "name": "c:\\Users\\Divyansh\\Desktop\\jarvis 69\\jarvis 10\\util\\func\\emotion.py", "funcName": "__init__", "action": "init", "sqDict[emotion]": [], "countOfEmotion": 18}
{"asctime": "2024-11-06 22:42:37,918", "levelname": "INFO", "message": "return list of emotion in current system tray", "name": "c:\\Users\\Divyansh\\Desktop\\jarvis 69\\jarvis 10\\util\\func\\emotion.py", "funcName": "getEmotions", "action": "getEmotions", "sqDict[emotion]": []}
{"asctime": "2024-11-06 22:42:49,080", "levelname": "INFO", "message": "add emotion to current system tray", "name": "c:\\Users\\Divyansh\\Desktop\\jarvis 69\\jarvis 10\\util\\func\\emotion.py", "funcName": "addEmotion", "action": "addEmotion", "emotion": ["Happiness"]}
