{"asctime": "2024-10-31 12:46:44,688", "levelname": "INFO", "message": "initializing user_notebook", "name": "c:\\Users\\Divyansh\\Desktop\\jarvis 69\\jarvis 10\\util\\func\\user_notebook.py", "funcName": "__init__", "action": "init", "userNotebook": "<modules.database.text_store.TextStore object at 0x00000237548BBEE0>"}
{"asctime": "2024-10-31 12:46:58,653", "levelname": "INFO", "message": "getting text", "name": "c:\\Users\\Divyansh\\Desktop\\jarvis 69\\jarvis 10\\util\\func\\user_notebook.py", "funcName": "getText", "action": "getText", "start": null, "end": null}
{"asctime": "2024-10-31 12:47:51,557", "levelname": "INFO", "message": "initializing user_notebook", "name": "c:\\Users\\Divyansh\\Desktop\\jarvis 69\\jarvis 10\\util\\func\\user_notebook.py", "funcName": "__init__", "action": "init", "userNotebook": "<modules.database.text_store.TextStore object at 0x0000020E2E048580>"}
{"asctime": "2024-10-31 12:48:04,493", "levelname": "INFO", "message": "getting text", "name": "c:\\Users\\Divyansh\\Desktop\\jarvis 69\\jarvis 10\\util\\func\\user_notebook.py", "funcName": "getText", "action": "getText", "start": null, "end": null}
{"asctime": "2024-10-31 12:50:07,200", "levelname": "INFO", "message": "initializing user_notebook", "name": "c:\\Users\\Divyansh\\Desktop\\jarvis 69\\jarvis 10\\util\\func\\user_notebook.py", "funcName": "__init__", "action": "init", "userNotebook": "<modules.database.text_store.TextStore object at 0x0000025CD2B88640>"}
{"asctime": "2024-10-31 12:50:18,603", "levelname": "INFO", "message": "getting text", "name": "c:\\Users\\Divyansh\\Desktop\\jarvis 69\\jarvis 10\\util\\func\\user_notebook.py", "funcName": "getText", "action": "getText", "start": null, "end": null}
{"asctime": "2024-10-31 12:53:59,184", "levelname": "INFO", "message": "initializing user_notebook", "name": "c:\\Users\\Divyansh\\Desktop\\jarvis 69\\jarvis 10\\util\\func\\user_notebook.py", "funcName": "__init__", "action": "init", "userNotebook": "<modules.database.text_store.TextStore object at 0x00000237721285B0>"}
{"asctime": "2024-10-31 12:54:09,635", "levelname": "INFO", "message": "getting text", "name": "c:\\Users\\Divyansh\\Desktop\\jarvis 69\\jarvis 10\\util\\func\\user_notebook.py", "funcName": "getText", "action": "getText", "start": null, "end": null}
{"asctime": "2024-10-31 12:55:19,105", "levelname": "INFO", "message": "initializing user_notebook", "name": "c:\\Users\\Divyansh\\Desktop\\jarvis 69\\jarvis 10\\util\\func\\user_notebook.py", "funcName": "__init__", "action": "init", "userNotebook": "<modules.database.text_store.TextStore object at 0x0000023089518670>"}
{"asctime": "2024-10-31 12:55:28,740", "levelname": "INFO", "message": "getting text", "name": "c:\\Users\\Divyansh\\Desktop\\jarvis 69\\jarvis 10\\util\\func\\user_notebook.py", "funcName": "getText", "action": "getText", "start": null, "end": null}
{"asctime": "2024-10-31 12:57:20,239", "levelname": "INFO", "message": "initializing user_notebook", "name": "c:\\Users\\Divyansh\\Desktop\\jarvis 69\\jarvis 10\\util\\func\\user_notebook.py", "funcName": "__init__", "action": "init", "userNotebook": "<modules.database.text_store.TextStore object at 0x000002122C8C85E0>"}
{"asctime": "2024-10-31 13:02:37,863", "levelname": "INFO", "message": "initializing user_notebook", "name": "c:\\Users\\Divyansh\\Desktop\\jarvis 69\\jarvis 10\\util\\func\\user_notebook.py", "funcName": "__init__", "action": "init", "userNotebook": "<modules.database.text_store.TextStore object at 0x000001F0668B87C0>"}
{"asctime": "2024-10-31 13:03:14,863", "levelname": "INFO", "message": "getting text", "name": "c:\\Users\\Divyansh\\Desktop\\jarvis 69\\jarvis 10\\util\\func\\user_notebook.py", "funcName": "getText", "action": "getText", "start": null, "end": null}
{"asctime": "2024-10-31 13:07:42,797", "levelname": "INFO", "message": "initializing user_notebook", "name": "c:\\Users\\Divyansh\\Desktop\\jarvis 69\\jarvis 10\\util\\func\\user_notebook.py", "funcName": "__init__", "action": "init", "userNotebook": "<modules.database.text_store.TextStore object at 0x0000018C79C387C0>"}
{"asctime": "2024-10-31 13:08:22,927", "levelname": "INFO", "message": "getting text", "name": "c:\\Users\\Divyansh\\Desktop\\jarvis 69\\jarvis 10\\util\\func\\user_notebook.py", "funcName": "getText", "action": "getText", "start": null, "end": null}
{"asctime": "2024-10-31 13:10:17,539", "levelname": "INFO", "message": "adding record", "name": "c:\\Users\\Divyansh\\Desktop\\jarvis 69\\jarvis 10\\util\\func\\user_notebook.py", "funcName": "addRecord", "action": "addRecord", "textLine": "091aa4437e73826775ba4464e390c0b47ec0f1dcad61d0d24993d3a48cb7c5c7"}
{"asctime": "2024-10-31 13:10:34,374", "levelname": "INFO", "message": "getting text", "name": "c:\\Users\\Divyansh\\Desktop\\jarvis 69\\jarvis 10\\util\\func\\user_notebook.py", "funcName": "getText", "action": "getText", "start": null, "end": null}
{"asctime": "2024-10-31 13:10:34,428", "levelname": "INFO", "message": "getting text", "name": "c:\\Users\\Divyansh\\Desktop\\jarvis 69\\jarvis 10\\util\\func\\user_notebook.py", "funcName": "getText", "action": "getText", "start": null, "end": null}
{"asctime": "2024-10-31 13:10:52,430", "levelname": "INFO", "message": "getting text", "name": "c:\\Users\\Divyansh\\Desktop\\jarvis 69\\jarvis 10\\util\\func\\user_notebook.py", "funcName": "getText", "action": "getText", "start": null, "end": null}
{"asctime": "2024-10-31 13:10:52,475", "levelname": "INFO", "message": "getting text", "name": "c:\\Users\\Divyansh\\Desktop\\jarvis 69\\jarvis 10\\util\\func\\user_notebook.py", "funcName": "getText", "action": "getText", "start": null, "end": null}
{"asctime": "2024-10-31 13:12:54,706", "levelname": "INFO", "message": "getting text", "name": "c:\\Users\\Divyansh\\Desktop\\jarvis 69\\jarvis 10\\util\\func\\user_notebook.py", "funcName": "getText", "action": "getText", "start": null, "end": null}
{"asctime": "2024-10-31 13:12:54,754", "levelname": "INFO", "message": "getting text", "name": "c:\\Users\\Divyansh\\Desktop\\jarvis 69\\jarvis 10\\util\\func\\user_notebook.py", "funcName": "getText", "action": "getText", "start": null, "end": null}
{"asctime": "2024-10-31 13:21:46,341", "levelname": "INFO", "message": "initializing user_notebook", "name": "c:\\Users\\Divyansh\\Desktop\\jarvis 69\\jarvis 10\\util\\func\\user_notebook.py", "funcName": "__init__", "action": "init", "userNotebook": "<modules.database.text_store.TextStore object at 0x0000018302B38850>"}
{"asctime": "2024-10-31 13:21:55,642", "levelname": "INFO", "message": "getting text", "name": "c:\\Users\\Divyansh\\Desktop\\jarvis 69\\jarvis 10\\util\\func\\user_notebook.py", "funcName": "getText", "action": "getText", "start": null, "end": null}
{"asctime": "2024-10-31 13:42:53,332", "levelname": "INFO", "message": "initializing user_notebook", "name": "c:\\Users\\Divyansh\\Desktop\\jarvis 69\\jarvis 10\\util\\func\\user_notebook.py", "funcName": "__init__", "action": "init", "userNotebook": "<modules.database.text_store.TextStore object at 0x0000024A9D6187C0>"}
{"asctime": "2024-10-31 13:43:27,354", "levelname": "INFO", "message": "getting text", "name": "c:\\Users\\Divyansh\\Desktop\\jarvis 69\\jarvis 10\\util\\func\\user_notebook.py", "funcName": "getText", "action": "getText", "start": null, "end": null}
{"asctime": "2024-10-31 13:43:45,493", "levelname": "INFO", "message": "getting text", "name": "c:\\Users\\Divyansh\\Desktop\\jarvis 69\\jarvis 10\\util\\func\\user_notebook.py", "funcName": "getText", "action": "getText", "start": null, "end": null}
{"asctime": "2024-10-31 13:44:10,367", "levelname": "INFO", "message": "getting text", "name": "c:\\Users\\Divyansh\\Desktop\\jarvis 69\\jarvis 10\\util\\func\\user_notebook.py", "funcName": "getText", "action": "getText", "start": null, "end": null}
{"asctime": "2024-11-01 03:08:40,639", "levelname": "INFO", "message": "initializing user_notebook", "name": "C:\\Users\\Divyansh\\Desktop\\jarvis 69\\jarvis 10\\util\\func\\user_notebook.py", "funcName": "__init__", "action": "init", "userNotebook": "<modules.database.text_store.TextStore object at 0x00000222BE813460>"}
{"asctime": "2024-11-01 03:10:28,306", "levelname": "INFO", "message": "initializing user_notebook", "name": "C:\\Users\\Divyansh\\Desktop\\jarvis 69\\jarvis 10\\util\\func\\user_notebook.py", "funcName": "__init__", "action": "init", "userNotebook": "<modules.database.text_store.TextStore object at 0x000002A9001C3550>"}
{"asctime": "2024-11-01 03:10:43,599", "levelname": "INFO", "message": "getting text", "name": "C:\\Users\\Divyansh\\Desktop\\jarvis 69\\jarvis 10\\util\\func\\user_notebook.py", "funcName": "getText", "action": "getText", "start": null, "end": null}
{"asctime": "2024-11-01 03:13:37,399", "levelname": "INFO", "message": "initializing user_notebook", "name": "C:\\Users\\Divyansh\\Desktop\\jarvis 69\\jarvis 10\\util\\func\\user_notebook.py", "funcName": "__init__", "action": "init", "userNotebook": "<modules.database.text_store.TextStore object at 0x000001A5FD903400>"}
{"asctime": "2024-11-01 03:13:44,310", "levelname": "INFO", "message": "getting text", "name": "C:\\Users\\Divyansh\\Desktop\\jarvis 69\\jarvis 10\\util\\func\\user_notebook.py", "funcName": "getText", "action": "getText", "start": null, "end": null}
{"asctime": "2024-11-01 03:14:24,717", "levelname": "INFO", "message": "initializing user_notebook", "name": "C:\\Users\\Divyansh\\Desktop\\jarvis 69\\jarvis 10\\util\\func\\user_notebook.py", "funcName": "__init__", "action": "init", "userNotebook": "<modules.database.text_store.TextStore object at 0x000002BB716B3340>"}
{"asctime": "2024-11-01 03:14:39,326", "levelname": "INFO", "message": "getting text", "name": "C:\\Users\\Divyansh\\Desktop\\jarvis 69\\jarvis 10\\util\\func\\user_notebook.py", "funcName": "getText", "action": "getText", "start": null, "end": null}
{"asctime": "2024-11-06 22:38:10,139", "levelname": "INFO", "message": "initializing user_notebook", "name": "c:\\Users\\Divyansh\\Desktop\\jarvis 69\\jarvis 10\\util\\func\\user_notebook.py", "funcName": "__init__", "action": "init", "userNotebook": "<modules.database.text_store.TextStore object at 0x000002AF13AB0D90>"}
{"asctime": "2024-11-06 22:38:19,635", "levelname": "INFO", "message": "getting text", "name": "c:\\Users\\Divyansh\\Desktop\\jarvis 69\\jarvis 10\\util\\func\\user_notebook.py", "funcName": "getText", "action": "getText", "start": null, "end": null}
{"asctime": "2024-11-06 22:39:00,795", "levelname": "INFO", "message": "getting text", "name": "c:\\Users\\Divyansh\\Desktop\\jarvis 69\\jarvis 10\\util\\func\\user_notebook.py", "funcName": "getText", "action": "getText", "start": null, "end": null}
{"asctime": "2024-11-06 22:39:31,120", "levelname": "INFO", "message": "getting text", "name": "c:\\Users\\Divyansh\\Desktop\\jarvis 69\\jarvis 10\\util\\func\\user_notebook.py", "funcName": "getText", "action": "getText", "start": null, "end": null}
{"asctime": "2024-11-06 22:42:37,905", "levelname": "INFO", "message": "initializing user_notebook", "name": "c:\\Users\\Divyansh\\Desktop\\jarvis 69\\jarvis 10\\util\\func\\user_notebook.py", "funcName": "__init__", "action": "init", "userNotebook": "<modules.database.text_store.TextStore object at 0x00000259EC920CA0>"}
{"asctime": "2024-11-06 22:43:20,991", "levelname": "INFO", "message": "getting text", "name": "c:\\Users\\Divyansh\\Desktop\\jarvis 69\\jarvis 10\\util\\func\\user_notebook.py", "funcName": "getText", "action": "getText", "start": null, "end": null}
{"asctime": "2024-11-08 04:26:14,285", "levelname": "INFO", "message": "initializing user_notebook", "name": "c:\\Users\\Divyansh\\Desktop\\jarvis 69\\jarvis 11\\util\\func\\user_notebook.py", "funcName": "__init__", "action": "init", "userNotebook": "<modules.database.text_store.TextStore object at 0x0000021E8AC0F250>"}
{"asctime": "2024-11-08 04:26:28,070", "levelname": "INFO", "message": "adding record", "name": "c:\\Users\\Divyansh\\Desktop\\jarvis 69\\jarvis 11\\util\\func\\user_notebook.py", "funcName": "addRecord", "action": "addRecord", "textLine": "e84f4d88a4ad6bf2283ce7a3e27b1463a8c741fb29a3c9241c77371086e6bf97"}
{"asctime": "2024-11-08 04:26:28,109", "levelname": "INFO", "message": "getting text", "name": "c:\\Users\\Divyansh\\Desktop\\jarvis 69\\jarvis 11\\util\\func\\user_notebook.py", "funcName": "getText", "action": "getText", "start": null, "end": null}
{"asctime": "2024-11-08 04:26:28,180", "levelname": "INFO", "message": "getting text", "name": "c:\\Users\\Divyansh\\Desktop\\jarvis 69\\jarvis 11\\util\\func\\user_notebook.py", "funcName": "getText", "action": "getText", "start": null, "end": null}
{"asctime": "2024-11-08 04:26:47,082", "levelname": "INFO", "message": "getting text", "name": "c:\\Users\\Divyansh\\Desktop\\jarvis 69\\jarvis 11\\util\\func\\user_notebook.py", "funcName": "getText", "action": "getText", "start": null, "end": null}
{"asctime": "2024-11-08 04:26:47,121", "levelname": "INFO", "message": "getting text", "name": "c:\\Users\\Divyansh\\Desktop\\jarvis 69\\jarvis 11\\util\\func\\user_notebook.py", "funcName": "getText", "action": "getText", "start": null, "end": null}
{"asctime": "2024-11-09 00:15:22,894", "levelname": "INFO", "message": "initializing user_notebook", "name": "c:\\Users\\Divyansh\\Desktop\\jarvis 69\\jarvis 11\\util\\func\\user_notebook.py", "funcName": "__init__", "action": "init", "userNotebook": "<modules.database.text_store.TextStore object at 0x000001D9B8433AF0>"}
{"asctime": "2024-11-09 00:16:56,824", "levelname": "INFO", "message": "initializing user_notebook", "name": "c:\\Users\\Divyansh\\Desktop\\jarvis 69\\jarvis 11\\util\\func\\user_notebook.py", "funcName": "__init__", "action": "init", "userNotebook": "<modules.database.text_store.TextStore object at 0x00000206F3B03AF0>"}
{"asctime": "2024-11-09 00:17:10,014", "levelname": "INFO", "message": "getting text", "name": "c:\\Users\\Divyansh\\Desktop\\jarvis 69\\jarvis 11\\util\\func\\user_notebook.py", "funcName": "getText", "action": "getText", "start": null, "end": null}
{"asctime": "2024-11-09 00:17:10,085", "levelname": "INFO", "message": "getting text", "name": "c:\\Users\\Divyansh\\Desktop\\jarvis 69\\jarvis 11\\util\\func\\user_notebook.py", "funcName": "getText", "action": "getText", "start": null, "end": null}
{"asctime": "2024-11-09 00:17:31,894", "levelname": "INFO", "message": "getting text", "name": "c:\\Users\\Divyansh\\Desktop\\jarvis 69\\jarvis 11\\util\\func\\user_notebook.py", "funcName": "getText", "action": "getText", "start": null, "end": null}
{"asctime": "2024-11-09 00:17:31,957", "levelname": "INFO", "message": "getting text", "name": "c:\\Users\\Divyansh\\Desktop\\jarvis 69\\jarvis 11\\util\\func\\user_notebook.py", "funcName": "getText", "action": "getText", "start": null, "end": null}
{"asctime": "2024-11-09 02:17:30,653", "levelname": "INFO", "message": "initializing user_notebook", "name": "c:\\Users\\Divyansh\\Desktop\\jarvis 69\\jarvis 11\\util\\func\\user_notebook.py", "funcName": "__init__", "action": "init", "userNotebook": "<modules.database.text_store.TextStore object at 0x0000022AAF2438B0>"}
{"asctime": "2024-11-25 05:45:53,505", "levelname": "INFO", "message": "initializing user_notebook", "name": "c:\\Users\\Divyansh\\Desktop\\jarvis 69\\jarvis 11\\util\\func\\user_notebook.py", "funcName": "__init__", "action": "init", "userNotebook": "<modules.database.text_store.TextStore object at 0x0000026422872EC0>"}
{"asctime": "2024-11-25 05:46:04,728", "levelname": "INFO", "message": "getting text", "name": "c:\\Users\\Divyansh\\Desktop\\jarvis 69\\jarvis 11\\util\\func\\user_notebook.py", "funcName": "getText", "action": "getText", "start": null, "end": null}
{"asctime": "2024-11-25 05:46:04,781", "levelname": "INFO", "message": "getting text", "name": "c:\\Users\\Divyansh\\Desktop\\jarvis 69\\jarvis 11\\util\\func\\user_notebook.py", "funcName": "getText", "action": "getText", "start": null, "end": null}
{"asctime": "2024-11-25 05:46:17,588", "levelname": "INFO", "message": "getting text", "name": "c:\\Users\\Divyansh\\Desktop\\jarvis 69\\jarvis 11\\util\\func\\user_notebook.py", "funcName": "getText", "action": "getText", "start": null, "end": null}
{"asctime": "2024-11-25 05:46:17,644", "levelname": "INFO", "message": "getting text", "name": "c:\\Users\\Divyansh\\Desktop\\jarvis 69\\jarvis 11\\util\\func\\user_notebook.py", "funcName": "getText", "action": "getText", "start": null, "end": null}
{"asctime": "2024-11-25 05:46:54,938", "levelname": "INFO", "message": "getting text", "name": "c:\\Users\\Divyansh\\Desktop\\jarvis 69\\jarvis 11\\util\\func\\user_notebook.py", "funcName": "getText", "action": "getText", "start": null, "end": null}
{"asctime": "2024-11-25 05:46:54,988", "levelname": "INFO", "message": "getting text", "name": "c:\\Users\\Divyansh\\Desktop\\jarvis 69\\jarvis 11\\util\\func\\user_notebook.py", "funcName": "getText", "action": "getText", "start": null, "end": null}
{"asctime": "2024-11-25 17:51:55,342", "levelname": "INFO", "message": "initializing user_notebook", "name": "c:\\Users\\Divyansh\\Desktop\\jarvis 69\\jarvis 11\\util\\func\\user_notebook.py", "funcName": "__init__", "action": "init", "userNotebook": "<modules.database.text_store.TextStore object at 0x000001D6002A29B0>"}
{"asctime": "2024-11-25 17:55:43,740", "levelname": "INFO", "message": "initializing user_notebook", "name": "c:\\Users\\Divyansh\\Desktop\\jarvis 69\\jarvis 11\\util\\func\\user_notebook.py", "funcName": "__init__", "action": "init", "userNotebook": "<modules.database.text_store.TextStore object at 0x000001DBA9103130>"}
{"asctime": "2024-11-25 17:58:14,496", "levelname": "INFO", "message": "initializing user_notebook", "name": "c:\\Users\\Divyansh\\Desktop\\jarvis 69\\jarvis 11\\util\\func\\user_notebook.py", "funcName": "__init__", "action": "init", "userNotebook": "<modules.database.text_store.TextStore object at 0x00000272D81E3160>"}
{"asctime": "2024-11-25 18:00:44,078", "levelname": "INFO", "message": "initializing user_notebook", "name": "c:\\Users\\Divyansh\\Desktop\\jarvis 69\\jarvis 11\\util\\func\\user_notebook.py", "funcName": "__init__", "action": "init", "userNotebook": "<modules.database.text_store.TextStore object at 0x000001A748BD3190>"}
{"asctime": "2024-11-25 18:08:06,439", "levelname": "INFO", "message": "initializing user_notebook", "name": "c:\\Users\\Divyansh\\Desktop\\jarvis 69\\jarvis 11\\util\\func\\user_notebook.py", "funcName": "__init__", "action": "init", "userNotebook": "<modules.database.text_store.TextStore object at 0x00000294916531F0>"}
{"asctime": "2024-11-26 21:32:34,897", "levelname": "INFO", "message": "initializing user_notebook", "name": "c:\\Users\\Divyansh\\Desktop\\jarvis 69\\jarvis 11\\util\\func\\user_notebook.py", "funcName": "__init__", "action": "init", "userNotebook": "<modules.database.text_store.TextStore object at 0x000001BA553E31C0>"}
{"asctime": "2024-11-26 21:34:24,019", "levelname": "INFO", "message": "initializing user_notebook", "name": "c:\\Users\\Divyansh\\Desktop\\jarvis 69\\jarvis 11\\util\\func\\user_notebook.py", "funcName": "__init__", "action": "init", "userNotebook": "<modules.database.text_store.TextStore object at 0x000002AA26A13040>"}
